<?xml version="1.0" encoding="UTF-8"?>
<coverage generated="1647193480522" clover="3.2.0">
  <project timestamp="1647193480522" name="All files">
    <metrics statements="420" coveredstatements="400" conditionals="148" coveredconditionals="126" methods="73" coveredmethods="73" elements="641" coveredelements="599" complexity="0" loc="420" ncloc="420" packages="6" files="6" classes="6"/>
    <package name="bin.day-4">
      <metrics statements="78" coveredstatements="73" conditionals="23" coveredconditionals="19" methods="11" coveredmethods="11"/>
      <file name="index.ts" path="D:\Repositories\Kryha\Job Application\adventofcode\src\bin\day-4\index.ts">
        <metrics statements="78" coveredstatements="73" conditionals="23" coveredconditionals="19" methods="11" coveredmethods="11"/>
        <line num="1" count="1" type="stmt"/>
        <line num="2" count="1" type="stmt"/>
        <line num="13" count="1" type="stmt"/>
        <line num="14" count="4" type="stmt"/>
        <line num="15" count="4" type="stmt"/>
        <line num="18" count="4" type="stmt"/>
        <line num="19" count="4" type="stmt"/>
        <line num="22" count="4" type="stmt"/>
        <line num="23" count="650" type="stmt"/>
        <line num="26" count="650" type="cond" truecount="1" falsecount="0"/>
        <line num="27" count="105" type="stmt"/>
        <line num="28" count="105" type="stmt"/>
        <line num="32" count="545" type="cond" truecount="1" falsecount="0"/>
        <line num="33" count="109" type="cond" truecount="1" falsecount="0"/>
        <line num="34" count="109" type="stmt"/>
        <line num="39" count="545" type="cond" truecount="1" falsecount="0"/>
        <line num="40" count="109" type="stmt"/>
        <line num="47" count="545" type="cond" truecount="0" falsecount="1"/>
        <line num="48" count="0" type="stmt"/>
        <line num="52" count="545" type="stmt"/>
        <line num="55" count="4" type="stmt"/>
        <line num="64" count="2" type="stmt"/>
        <line num="65" count="2" type="stmt"/>
        <line num="71" count="4" type="stmt"/>
        <line num="72" count="4" type="stmt"/>
        <line num="73" count="4" type="stmt"/>
        <line num="75" count="4" type="stmt"/>
        <line num="77" count="53" type="stmt"/>
        <line num="79" count="115" type="stmt"/>
        <line num="81" count="115" type="cond" truecount="1" falsecount="0"/>
        <line num="83" count="4" type="cond" truecount="1" falsecount="0"/>
        <line num="84" count="4" type="stmt"/>
        <line num="86" count="4" type="stmt"/>
        <line num="90" count="4" type="cond" truecount="2" falsecount="0"/>
        <line num="91" count="1" type="stmt"/>
        <line num="94" count="3" type="stmt"/>
        <line num="95" count="3" type="stmt"/>
        <line num="101" count="52" type="cond" truecount="3" falsecount="0"/>
        <line num="102" count="3" type="stmt"/>
        <line num="106" count="0" type="stmt"/>
        <line num="111" count="115" type="stmt"/>
        <line num="112" count="562" type="stmt"/>
        <line num="114" count="2805" type="cond" truecount="1" falsecount="0"/>
        <line num="117" count="77" type="stmt"/>
        <line num="118" count="77" type="stmt"/>
        <line num="119" count="77" type="stmt"/>
        <line num="121" count="77" type="cond" truecount="3" falsecount="0"/>
        <line num="122" count="4" type="stmt"/>
        <line num="128" count="111" type="stmt"/>
        <line num="132" count="2" type="stmt"/>
        <line num="134" count="2" type="stmt"/>
        <line num="135" count="10" type="stmt"/>
        <line num="136" count="50" type="stmt"/>
        <line num="138" count="50" type="cond" truecount="1" falsecount="0"/>
        <line num="139" count="23" type="stmt"/>
        <line num="144" count="2" type="stmt"/>
        <line num="149" count="1" type="stmt"/>
        <line num="152" count="1" type="stmt"/>
        <line num="156" count="1" type="stmt"/>
        <line num="158" count="1" type="cond" truecount="0" falsecount="1"/>
        <line num="159" count="0" type="stmt"/>
        <line num="162" count="1" type="stmt"/>
        <line num="167" count="1" type="stmt"/>
        <line num="170" count="1" type="stmt"/>
        <line num="175" count="1" type="stmt"/>
        <line num="176" count="1" type="stmt"/>
        <line num="179" count="1" type="stmt"/>
        <line num="180" count="3" type="stmt"/>
        <line num="183" count="3" type="cond" truecount="2" falsecount="1"/>
        <line num="184" count="0" type="stmt"/>
        <line num="188" count="3" type="stmt"/>
        <line num="190" count="3" type="stmt"/>
        <line num="193" count="5" type="stmt"/>
        <line num="195" count="3" type="stmt"/>
        <line num="198" count="1" type="cond" truecount="0" falsecount="1"/>
        <line num="199" count="0" type="stmt"/>
        <line num="202" count="1" type="stmt"/>
        <line num="207" count="1" type="stmt"/>
      </file>
    </package>
    <package name="bin.day-5">
      <metrics statements="92" coveredstatements="87" conditionals="27" coveredconditionals="23" methods="15" coveredmethods="15"/>
      <file name="index.ts" path="D:\Repositories\Kryha\Job Application\adventofcode\src\bin\day-5\index.ts">
        <metrics statements="92" coveredstatements="87" conditionals="27" coveredconditionals="23" methods="15" coveredmethods="15"/>
        <line num="1" count="1" type="stmt"/>
        <line num="2" count="1" type="stmt"/>
        <line num="10" count="1" type="cond" truecount="2" falsecount="0"/>
        <line num="11" count="1" type="stmt"/>
        <line num="12" count="1" type="stmt"/>
        <line num="13" count="1" type="stmt"/>
        <line num="14" count="1" type="stmt"/>
        <line num="15" count="1" type="stmt"/>
        <line num="24" count="1" type="stmt"/>
        <line num="25" count="3" type="stmt"/>
        <line num="26" count="3" type="stmt"/>
        <line num="29" count="3" type="stmt"/>
        <line num="31" count="3" type="stmt"/>
        <line num="33" count="30" type="stmt"/>
        <line num="35" count="30" type="stmt"/>
        <line num="36" count="30" type="stmt"/>
        <line num="38" count="30" type="stmt"/>
        <line num="39" count="30" type="stmt"/>
        <line num="41" count="30" type="stmt"/>
        <line num="42" count="30" type="cond" truecount="1" falsecount="0"/>
        <line num="43" count="6" type="stmt"/>
        <line num="45" count="6" type="cond" truecount="1" falsecount="0"/>
        <line num="46" count="3" type="stmt"/>
        <line num="49" count="30" type="cond" truecount="1" falsecount="0"/>
        <line num="51" count="12" type="cond" truecount="1" falsecount="1"/>
        <line num="52" count="0" type="stmt"/>
        <line num="54" count="12" type="stmt"/>
        <line num="56" count="12" type="cond" truecount="1" falsecount="0"/>
        <line num="57" count="6" type="stmt"/>
        <line num="62" count="30" type="cond" truecount="1" falsecount="0"/>
        <line num="65" count="12" type="cond" truecount="1" falsecount="0"/>
        <line num="66" count="6" type="stmt"/>
        <line num="68" count="12" type="cond" truecount="2" falsecount="0"/>
        <line num="69" count="6" type="stmt"/>
        <line num="71" count="6" type="stmt"/>
        <line num="75" count="30" type="stmt"/>
        <line num="77" count="30" type="stmt"/>
        <line num="80" count="3" type="stmt"/>
        <line num="88" count="2" type="stmt"/>
        <line num="90" count="20" type="stmt"/>
        <line num="91" count="20" type="stmt"/>
        <line num="93" count="20" type="stmt"/>
        <line num="99" count="2" type="stmt"/>
        <line num="103" count="16" type="cond" truecount="4" falsecount="1"/>
        <line num="105" count="0" type="stmt"/>
        <line num="106" count="0" type="stmt"/>
        <line num="108" count="8" type="stmt"/>
        <line num="110" count="8" type="stmt"/>
        <line num="111" count="38" type="stmt"/>
        <line num="113" count="8" type="stmt"/>
        <line num="115" count="4" type="stmt"/>
        <line num="117" count="4" type="stmt"/>
        <line num="118" count="14" type="stmt"/>
        <line num="120" count="4" type="stmt"/>
        <line num="122" count="2" type="stmt"/>
        <line num="123" count="2" type="cond" truecount="0" falsecount="1"/>
        <line num="124" count="0" type="stmt"/>
        <line num="127" count="2" type="cond" truecount="2" falsecount="0"/>
        <line num="128" count="13" type="stmt"/>
        <line num="129" count="13" type="stmt"/>
        <line num="130" count="13" type="stmt"/>
        <line num="132" count="2" type="stmt"/>
        <line num="134" count="2" type="stmt"/>
        <line num="135" count="2" type="cond" truecount="0" falsecount="1"/>
        <line num="136" count="0" type="stmt"/>
        <line num="139" count="2" type="cond" truecount="2" falsecount="0"/>
        <line num="140" count="14" type="stmt"/>
        <line num="141" count="14" type="stmt"/>
        <line num="142" count="14" type="stmt"/>
        <line num="144" count="2" type="stmt"/>
        <line num="150" count="2" type="stmt"/>
        <line num="152" count="2" type="stmt"/>
        <line num="153" count="20" type="stmt"/>
        <line num="154" count="200" type="cond" truecount="1" falsecount="0"/>
        <line num="155" count="17" type="stmt"/>
        <line num="159" count="2" type="stmt"/>
        <line num="164" count="1" type="stmt"/>
        <line num="167" count="1" type="stmt"/>
        <line num="171" count="1" type="stmt"/>
        <line num="172" count="1" type="stmt"/>
        <line num="173" count="1" type="stmt"/>
        <line num="177" count="1" type="stmt"/>
        <line num="179" count="1" type="stmt"/>
        <line num="180" count="10" type="cond" truecount="3" falsecount="0"/>
        <line num="181" count="4" type="stmt"/>
        <line num="183" count="6" type="stmt"/>
        <line num="186" count="1" type="stmt"/>
        <line num="191" count="1" type="stmt"/>
        <line num="194" count="1" type="stmt"/>
        <line num="198" count="1" type="stmt"/>
        <line num="199" count="1" type="stmt"/>
        <line num="204" count="1" type="stmt"/>
      </file>
    </package>
    <package name="bin.day-6">
      <metrics statements="34" coveredstatements="34" conditionals="1" coveredconditionals="1" methods="9" coveredmethods="9"/>
      <file name="index.ts" path="D:\Repositories\Kryha\Job Application\adventofcode\src\bin\day-6\index.ts">
        <metrics statements="34" coveredstatements="34" conditionals="1" coveredconditionals="1" methods="9" coveredmethods="9"/>
        <line num="1" count="1" type="stmt"/>
        <line num="2" count="1" type="stmt"/>
        <line num="10" count="1" type="stmt"/>
        <line num="11" count="2" type="stmt"/>
        <line num="12" count="2" type="stmt"/>
        <line num="15" count="2" type="stmt"/>
        <line num="16" count="18" type="stmt"/>
        <line num="20" count="2" type="stmt"/>
        <line num="21" count="10" type="stmt"/>
        <line num="24" count="2" type="stmt"/>
        <line num="29" count="2" type="stmt"/>
        <line num="32" count="2" type="stmt"/>
        <line num="36" count="2" type="stmt"/>
        <line num="37" count="2" type="stmt"/>
        <line num="39" count="2" type="stmt"/>
        <line num="40" count="336" type="stmt"/>
        <line num="41" count="336" type="stmt"/>
        <line num="44" count="2" type="stmt"/>
        <line num="45" count="18" type="stmt"/>
        <line num="48" count="2" type="stmt"/>
        <line num="53" count="336" type="stmt"/>
        <line num="54" count="3024" type="stmt"/>
        <line num="57" count="336" type="stmt"/>
        <line num="59" count="336" type="cond" truecount="1" falsecount="0"/>
        <line num="60" count="336" type="stmt"/>
        <line num="61" count="336" type="stmt"/>
        <line num="62" count="336" type="stmt"/>
        <line num="68" count="1" type="stmt"/>
        <line num="71" count="1" type="stmt"/>
        <line num="72" count="1" type="stmt"/>
        <line num="77" count="1" type="stmt"/>
        <line num="80" count="1" type="stmt"/>
        <line num="81" count="1" type="stmt"/>
        <line num="87" count="1" type="stmt"/>
      </file>
    </package>
    <package name="dist.day-4">
      <metrics statements="82" coveredstatements="77" conditionals="44" coveredconditionals="37" methods="12" coveredmethods="12"/>
      <file name="index.js" path="D:\Repositories\Kryha\Job Application\adventofcode\src\dist\day-4\index.js">
        <metrics statements="82" coveredstatements="77" conditionals="44" coveredconditionals="37" methods="12" coveredmethods="12"/>
        <line num="2" count="1" type="cond" truecount="3" falsecount="0"/>
        <line num="3" count="2" type="cond" truecount="3" falsecount="1"/>
        <line num="5" count="1" type="stmt"/>
        <line num="6" count="1" type="stmt"/>
        <line num="7" count="1" type="stmt"/>
        <line num="8" count="1" type="stmt"/>
        <line num="11" count="4" type="stmt"/>
        <line num="12" count="4" type="stmt"/>
        <line num="14" count="4" type="stmt"/>
        <line num="15" count="4" type="stmt"/>
        <line num="17" count="4" type="stmt"/>
        <line num="18" count="650" type="stmt"/>
        <line num="21" count="650" type="cond" truecount="2" falsecount="0"/>
        <line num="22" count="105" type="stmt"/>
        <line num="23" count="105" type="stmt"/>
        <line num="27" count="545" type="cond" truecount="2" falsecount="0"/>
        <line num="28" count="109" type="cond" truecount="1" falsecount="1"/>
        <line num="29" count="109" type="stmt"/>
        <line num="34" count="545" type="cond" truecount="2" falsecount="0"/>
        <line num="35" count="109" type="stmt"/>
        <line num="42" count="545" type="cond" truecount="1" falsecount="1"/>
        <line num="43" count="0" type="stmt"/>
        <line num="47" count="545" type="stmt"/>
        <line num="49" count="4" type="stmt"/>
        <line num="51" count="1" type="stmt"/>
        <line num="54" count="2" type="stmt"/>
        <line num="55" count="2" type="stmt"/>
        <line num="58" count="4" type="stmt"/>
        <line num="59" count="4" type="stmt"/>
        <line num="60" count="4" type="stmt"/>
        <line num="62" count="4" type="stmt"/>
        <line num="64" count="53" type="stmt"/>
        <line num="66" count="115" type="stmt"/>
        <line num="67" count="115" type="cond" truecount="2" falsecount="0"/>
        <line num="69" count="4" type="cond" truecount="1" falsecount="1"/>
        <line num="70" count="4" type="stmt"/>
        <line num="72" count="4" type="stmt"/>
        <line num="76" count="4" type="cond" truecount="2" falsecount="0"/>
        <line num="77" count="1" type="stmt"/>
        <line num="81" count="3" type="stmt"/>
        <line num="82" count="3" type="stmt"/>
        <line num="88" count="52" type="cond" truecount="4" falsecount="0"/>
        <line num="89" count="3" type="stmt"/>
        <line num="92" count="0" type="stmt"/>
        <line num="96" count="115" type="stmt"/>
        <line num="97" count="562" type="stmt"/>
        <line num="99" count="2805" type="cond" truecount="2" falsecount="0"/>
        <line num="102" count="77" type="stmt"/>
        <line num="103" count="77" type="stmt"/>
        <line num="104" count="77" type="stmt"/>
        <line num="106" count="77" type="cond" truecount="4" falsecount="0"/>
        <line num="107" count="4" type="stmt"/>
        <line num="112" count="111" type="stmt"/>
        <line num="115" count="2" type="stmt"/>
        <line num="117" count="2" type="stmt"/>
        <line num="118" count="10" type="stmt"/>
        <line num="119" count="50" type="stmt"/>
        <line num="121" count="50" type="cond" truecount="2" falsecount="0"/>
        <line num="122" count="23" type="stmt"/>
        <line num="126" count="2" type="stmt"/>
        <line num="132" count="1" type="stmt"/>
        <line num="135" count="1" type="stmt"/>
        <line num="137" count="1" type="cond" truecount="1" falsecount="1"/>
        <line num="138" count="0" type="stmt"/>
        <line num="140" count="1" type="stmt"/>
        <line num="143" count="1" type="stmt"/>
        <line num="147" count="1" type="stmt"/>
        <line num="151" count="1" type="stmt"/>
        <line num="152" count="1" type="stmt"/>
        <line num="154" count="1" type="stmt"/>
        <line num="155" count="3" type="stmt"/>
        <line num="158" count="3" type="cond" truecount="3" falsecount="1"/>
        <line num="159" count="0" type="stmt"/>
        <line num="162" count="3" type="stmt"/>
        <line num="164" count="3" type="stmt"/>
        <line num="167" count="5" type="stmt"/>
        <line num="169" count="3" type="stmt"/>
        <line num="172" count="1" type="cond" truecount="1" falsecount="1"/>
        <line num="173" count="0" type="stmt"/>
        <line num="175" count="1" type="stmt"/>
        <line num="178" count="1" type="stmt"/>
        <line num="180" count="1" type="stmt"/>
      </file>
    </package>
    <package name="dist.day-5">
      <metrics statements="96" coveredstatements="91" conditionals="44" coveredconditionals="39" methods="16" coveredmethods="16"/>
      <file name="index.js" path="D:\Repositories\Kryha\Job Application\adventofcode\src\dist\day-5\index.js">
        <metrics statements="96" coveredstatements="91" conditionals="44" coveredconditionals="39" methods="16" coveredmethods="16"/>
        <line num="2" count="1" type="cond" truecount="3" falsecount="0"/>
        <line num="3" count="2" type="cond" truecount="3" falsecount="1"/>
        <line num="5" count="1" type="stmt"/>
        <line num="6" count="1" type="stmt"/>
        <line num="7" count="1" type="stmt"/>
        <line num="8" count="1" type="stmt"/>
        <line num="10" count="1" type="stmt"/>
        <line num="11" count="1" type="stmt"/>
        <line num="12" count="1" type="stmt"/>
        <line num="13" count="1" type="stmt"/>
        <line num="14" count="1" type="stmt"/>
        <line num="15" count="1" type="stmt"/>
        <line num="18" count="3" type="stmt"/>
        <line num="19" count="3" type="stmt"/>
        <line num="21" count="3" type="stmt"/>
        <line num="22" count="3" type="stmt"/>
        <line num="24" count="30" type="stmt"/>
        <line num="26" count="30" type="stmt"/>
        <line num="27" count="30" type="stmt"/>
        <line num="28" count="30" type="stmt"/>
        <line num="29" count="30" type="stmt"/>
        <line num="31" count="30" type="stmt"/>
        <line num="32" count="30" type="cond" truecount="2" falsecount="0"/>
        <line num="33" count="6" type="stmt"/>
        <line num="35" count="6" type="cond" truecount="2" falsecount="0"/>
        <line num="36" count="3" type="stmt"/>
        <line num="39" count="30" type="cond" truecount="2" falsecount="0"/>
        <line num="41" count="12" type="cond" truecount="1" falsecount="1"/>
        <line num="42" count="0" type="stmt"/>
        <line num="45" count="12" type="stmt"/>
        <line num="47" count="12" type="cond" truecount="2" falsecount="0"/>
        <line num="48" count="6" type="stmt"/>
        <line num="53" count="30" type="cond" truecount="2" falsecount="0"/>
        <line num="56" count="12" type="cond" truecount="2" falsecount="0"/>
        <line num="57" count="6" type="stmt"/>
        <line num="59" count="12" type="cond" truecount="2" falsecount="0"/>
        <line num="60" count="6" type="stmt"/>
        <line num="63" count="6" type="stmt"/>
        <line num="67" count="30" type="stmt"/>
        <line num="68" count="30" type="stmt"/>
        <line num="70" count="3" type="stmt"/>
        <line num="72" count="1" type="stmt"/>
        <line num="75" count="2" type="stmt"/>
        <line num="77" count="20" type="stmt"/>
        <line num="78" count="20" type="stmt"/>
        <line num="80" count="20" type="stmt"/>
        <line num="83" count="2" type="stmt"/>
        <line num="87" count="16" type="cond" truecount="4" falsecount="1"/>
        <line num="89" count="0" type="stmt"/>
        <line num="90" count="0" type="stmt"/>
        <line num="92" count="8" type="stmt"/>
        <line num="93" count="8" type="stmt"/>
        <line num="94" count="38" type="stmt"/>
        <line num="96" count="8" type="stmt"/>
        <line num="98" count="4" type="stmt"/>
        <line num="99" count="4" type="stmt"/>
        <line num="100" count="14" type="stmt"/>
        <line num="102" count="4" type="stmt"/>
        <line num="104" count="2" type="stmt"/>
        <line num="105" count="2" type="cond" truecount="1" falsecount="1"/>
        <line num="106" count="0" type="stmt"/>
        <line num="109" count="2" type="cond" truecount="2" falsecount="0"/>
        <line num="110" count="13" type="stmt"/>
        <line num="111" count="13" type="stmt"/>
        <line num="112" count="13" type="stmt"/>
        <line num="114" count="2" type="stmt"/>
        <line num="116" count="2" type="stmt"/>
        <line num="117" count="2" type="cond" truecount="1" falsecount="1"/>
        <line num="118" count="0" type="stmt"/>
        <line num="121" count="2" type="cond" truecount="2" falsecount="0"/>
        <line num="122" count="14" type="stmt"/>
        <line num="123" count="14" type="stmt"/>
        <line num="124" count="14" type="stmt"/>
        <line num="126" count="2" type="stmt"/>
        <line num="131" count="2" type="stmt"/>
        <line num="132" count="2" type="stmt"/>
        <line num="133" count="20" type="stmt"/>
        <line num="134" count="200" type="cond" truecount="2" falsecount="0"/>
        <line num="135" count="17" type="stmt"/>
        <line num="139" count="2" type="stmt"/>
        <line num="145" count="1" type="stmt"/>
        <line num="148" count="1" type="stmt"/>
        <line num="149" count="1" type="stmt"/>
        <line num="150" count="1" type="stmt"/>
        <line num="154" count="1" type="stmt"/>
        <line num="155" count="1" type="stmt"/>
        <line num="156" count="10" type="cond" truecount="4" falsecount="0"/>
        <line num="157" count="4" type="stmt"/>
        <line num="159" count="6" type="stmt"/>
        <line num="161" count="1" type="stmt"/>
        <line num="164" count="1" type="stmt"/>
        <line num="168" count="1" type="stmt"/>
        <line num="171" count="1" type="stmt"/>
        <line num="172" count="1" type="stmt"/>
        <line num="175" count="1" type="stmt"/>
        <line num="177" count="1" type="stmt"/>
      </file>
    </package>
    <package name="dist.day-6">
      <metrics statements="38" coveredstatements="38" conditionals="9" coveredconditionals="7" methods="10" coveredmethods="10"/>
      <file name="index.js" path="D:\Repositories\Kryha\Job Application\adventofcode\src\dist\day-6\index.js">
        <metrics statements="38" coveredstatements="38" conditionals="9" coveredconditionals="7" methods="10" coveredmethods="10"/>
        <line num="2" count="1" type="cond" truecount="3" falsecount="0"/>
        <line num="3" count="2" type="cond" truecount="3" falsecount="1"/>
        <line num="5" count="1" type="stmt"/>
        <line num="6" count="1" type="stmt"/>
        <line num="7" count="1" type="stmt"/>
        <line num="8" count="1" type="stmt"/>
        <line num="10" count="2" type="stmt"/>
        <line num="11" count="2" type="stmt"/>
        <line num="13" count="2" type="stmt"/>
        <line num="14" count="18" type="stmt"/>
        <line num="17" count="2" type="stmt"/>
        <line num="18" count="10" type="stmt"/>
        <line num="20" count="2" type="stmt"/>
        <line num="22" count="1" type="stmt"/>
        <line num="25" count="2" type="stmt"/>
        <line num="26" count="2" type="stmt"/>
        <line num="29" count="2" type="stmt"/>
        <line num="30" count="2" type="stmt"/>
        <line num="31" count="2" type="stmt"/>
        <line num="32" count="336" type="stmt"/>
        <line num="33" count="336" type="stmt"/>
        <line num="35" count="2" type="stmt"/>
        <line num="36" count="18" type="stmt"/>
        <line num="38" count="2" type="stmt"/>
        <line num="42" count="336" type="stmt"/>
        <line num="43" count="3024" type="stmt"/>
        <line num="45" count="336" type="stmt"/>
        <line num="46" count="336" type="cond" truecount="1" falsecount="1"/>
        <line num="47" count="336" type="stmt"/>
        <line num="48" count="336" type="stmt"/>
        <line num="49" count="336" type="stmt"/>
        <line num="56" count="1" type="stmt"/>
        <line num="57" count="1" type="stmt"/>
        <line num="60" count="1" type="stmt"/>
        <line num="64" count="1" type="stmt"/>
        <line num="65" count="1" type="stmt"/>
        <line num="68" count="1" type="stmt"/>
        <line num="70" count="1" type="stmt"/>
      </file>
    </package>
  </project>
</coverage>
