<?xml version="1.0" encoding="UTF-8"?>
<coverage generated="1647127763794" clover="3.2.0">
  <project timestamp="1647127763794" name="All files">
    <metrics statements="61" coveredstatements="57" conditionals="12" coveredconditionals="10" methods="9" coveredmethods="8" elements="82" coveredelements="75" complexity="0" loc="61" ncloc="61" packages="3" files="3" classes="3"/>
    <package name="bin">
      <metrics statements="3" coveredstatements="3" conditionals="0" coveredconditionals="0" methods="1" coveredmethods="1"/>
      <file name="app.ts" path="D:\Repositories\Kryha\Job Application\adventofcode\src\bin\app.ts">
        <metrics statements="3" coveredstatements="3" conditionals="0" coveredconditionals="0" methods="1" coveredmethods="1"/>
        <line num="5" count="1" type="stmt"/>
        <line num="6" count="2" type="stmt"/>
        <line num="9" count="1" type="stmt"/>
      </file>
    </package>
    <package name="bin.day-4">
      <metrics statements="53" coveredstatements="49" conditionals="12" coveredconditionals="10" methods="7" coveredmethods="6"/>
      <file name="index.ts" path="D:\Repositories\Kryha\Job Application\adventofcode\src\bin\day-4\index.ts">
        <metrics statements="53" coveredstatements="49" conditionals="12" coveredconditionals="10" methods="7" coveredmethods="6"/>
        <line num="1" count="1" type="stmt"/>
        <line num="2" count="1" type="stmt"/>
        <line num="13" count="1" type="stmt"/>
        <line num="14" count="3" type="stmt"/>
        <line num="15" count="3" type="stmt"/>
        <line num="18" count="3" type="stmt"/>
        <line num="19" count="3" type="stmt"/>
        <line num="22" count="3" type="stmt"/>
        <line num="23" count="633" type="stmt"/>
        <line num="26" count="633" type="cond" truecount="1" falsecount="0"/>
        <line num="27" count="103" type="stmt"/>
        <line num="28" count="103" type="stmt"/>
        <line num="32" count="530" type="cond" truecount="1" falsecount="0"/>
        <line num="33" count="106" type="cond" truecount="1" falsecount="0"/>
        <line num="34" count="106" type="stmt"/>
        <line num="39" count="530" type="cond" truecount="1" falsecount="0"/>
        <line num="40" count="106" type="stmt"/>
        <line num="47" count="530" type="cond" truecount="0" falsecount="1"/>
        <line num="48" count="0" type="stmt"/>
        <line num="52" count="530" type="stmt"/>
        <line num="55" count="3" type="stmt"/>
        <line num="58" count="1" type="stmt"/>
        <line num="64" count="1" type="stmt"/>
        <line num="65" count="1" type="stmt"/>
        <line num="69" count="1" type="stmt"/>
        <line num="71" count="1" type="cond" truecount="0" falsecount="1"/>
        <line num="72" count="0" type="stmt"/>
        <line num="75" count="1" type="stmt"/>
        <line num="80" count="1" type="stmt"/>
        <line num="82" count="12" type="stmt"/>
        <line num="83" count="36" type="stmt"/>
        <line num="85" count="36" type="cond" truecount="1" falsecount="0"/>
        <line num="86" count="1" type="stmt"/>
        <line num="87" count="1" type="stmt"/>
        <line num="92" count="0" type="stmt"/>
        <line num="97" count="36" type="stmt"/>
        <line num="98" count="176" type="stmt"/>
        <line num="100" count="879" type="cond" truecount="1" falsecount="0"/>
        <line num="103" count="36" type="stmt"/>
        <line num="104" count="36" type="stmt"/>
        <line num="105" count="36" type="stmt"/>
        <line num="107" count="36" type="cond" truecount="3" falsecount="0"/>
        <line num="108" count="1" type="stmt"/>
        <line num="114" count="35" type="stmt"/>
        <line num="118" count="1" type="stmt"/>
        <line num="120" count="1" type="stmt"/>
        <line num="121" count="5" type="stmt"/>
        <line num="122" count="25" type="stmt"/>
        <line num="124" count="25" type="cond" truecount="1" falsecount="0"/>
        <line num="125" count="13" type="stmt"/>
        <line num="130" count="1" type="stmt"/>
        <line num="138" count="1" type="stmt"/>
        <line num="139" count="0" type="stmt"/>
      </file>
    </package>
    <package name="dist">
      <metrics statements="5" coveredstatements="5" conditionals="0" coveredconditionals="0" methods="1" coveredmethods="1"/>
      <file name="app.js" path="D:\Repositories\Kryha\Job Application\adventofcode\src\dist\app.js">
        <metrics statements="5" coveredstatements="5" conditionals="0" coveredconditionals="0" methods="1" coveredmethods="1"/>
        <line num="2" count="1" type="stmt"/>
        <line num="3" count="1" type="stmt"/>
        <line num="6" count="2" type="stmt"/>
        <line num="8" count="1" type="stmt"/>
        <line num="9" count="1" type="stmt"/>
      </file>
    </package>
  </project>
</coverage>
