{"D:\\Repositories\\Kryha\\Job Application\\adventofcode\\src\\bin\\day-4\\index.ts": {"path":"D:\\Repositories\\Kryha\\Job Application\\adventofcode\\src\\bin\\day-4\\index.ts","statementMap":{"0":{"start":{"line":1,"column":0},"end":{"line":1,"column":24}},"1":{"start":{"line":2,"column":0},"end":{"line":2,"column":20}},"2":{"start":{"line":14,"column":17},"end":{"line":14,"column":89}},"3":{"start":{"line":15,"column":26},"end":{"line":15,"column":28}},"4":{"start":{"line":18,"column":18},"end":{"line":18,"column":36}},"5":{"start":{"line":19,"column":20},"end":{"line":19,"column":21}},"6":{"start":{"line":22,"column":4},"end":{"line":53,"column":null}},"7":{"start":{"line":22,"column":17},"end":{"line":22,"column":18}},"8":{"start":{"line":23,"column":8},"end":{"line":23,"column":20}},"9":{"start":{"line":26,"column":8},"end":{"line":29,"column":null}},"10":{"start":{"line":27,"column":12},"end":{"line":27,"column":26}},"11":{"start":{"line":28,"column":12},"end":{"line":28,"column":21}},"12":{"start":{"line":32,"column":8},"end":{"line":36,"column":null}},"13":{"start":{"line":33,"column":12},"end":{"line":35,"column":null}},"14":{"start":{"line":34,"column":16},"end":{"line":34,"column":35}},"15":{"start":{"line":39,"column":8},"end":{"line":45,"column":null}},"16":{"start":{"line":40,"column":12},"end":{"line":44,"column":null}},"17":{"start":{"line":47,"column":8},"end":{"line":49,"column":null}},"18":{"start":{"line":48,"column":12},"end":{"line":48,"column":21}},"19":{"start":{"line":52,"column":8},"end":{"line":52,"column":81}},"20":{"start":{"line":55,"column":4},"end":{"line":55,"column":18}},"21":{"start":{"line":13,"column":0},"end":{"line":13,"column":16}},"22":{"start":{"line":64,"column":8},"end":{"line":64,"column":29}},"23":{"start":{"line":65,"column":8},"end":{"line":65,"column":43}},"24":{"start":{"line":71,"column":42},"end":{"line":71,"column":44}},"25":{"start":{"line":72,"column":42},"end":{"line":72,"column":44}},"26":{"start":{"line":73,"column":33},"end":{"line":73,"column":38}},"27":{"start":{"line":75,"column":8},"end":{"line":104,"column":null}},"28":{"start":{"line":75,"column":29},"end":{"line":75,"column":30}},"29":{"start":{"line":77,"column":12},"end":{"line":98,"column":null}},"30":{"start":{"line":77,"column":32},"end":{"line":77,"column":33}},"31":{"start":{"line":79,"column":31},"end":{"line":79,"column":107}},"32":{"start":{"line":81,"column":16},"end":{"line":97,"column":null}},"33":{"start":{"line":83,"column":20},"end":{"line":85,"column":null}},"34":{"start":{"line":84,"column":24},"end":{"line":84,"column":41}},"35":{"start":{"line":86,"column":20},"end":{"line":86,"column":74}},"36":{"start":{"line":90,"column":20},"end":{"line":96,"column":null}},"37":{"start":{"line":91,"column":24},"end":{"line":91,"column":69}},"38":{"start":{"line":94,"column":24},"end":{"line":94,"column":59}},"39":{"start":{"line":95,"column":24},"end":{"line":95,"column":45}},"40":{"start":{"line":101,"column":12},"end":{"line":103,"column":null}},"41":{"start":{"line":102,"column":16},"end":{"line":102,"column":39}},"42":{"start":{"line":106,"column":8},"end":{"line":106,"column":38}},"43":{"start":{"line":111,"column":8},"end":{"line":126,"column":null}},"44":{"start":{"line":111,"column":21},"end":{"line":111,"column":22}},"45":{"start":{"line":112,"column":12},"end":{"line":125,"column":null}},"46":{"start":{"line":112,"column":25},"end":{"line":112,"column":26}},"47":{"start":{"line":114,"column":16},"end":{"line":124,"column":null}},"48":{"start":{"line":117,"column":20},"end":{"line":117,"column":45}},"49":{"start":{"line":118,"column":20},"end":{"line":118,"column":43}},"50":{"start":{"line":119,"column":20},"end":{"line":119,"column":46}},"51":{"start":{"line":121,"column":20},"end":{"line":123,"column":null}},"52":{"start":{"line":122,"column":24},"end":{"line":122,"column":36}},"53":{"start":{"line":128,"column":8},"end":{"line":128,"column":21}},"54":{"start":{"line":132,"column":28},"end":{"line":132,"column":29}},"55":{"start":{"line":134,"column":8},"end":{"line":142,"column":null}},"56":{"start":{"line":134,"column":21},"end":{"line":134,"column":22}},"57":{"start":{"line":135,"column":12},"end":{"line":141,"column":null}},"58":{"start":{"line":135,"column":25},"end":{"line":135,"column":26}},"59":{"start":{"line":136,"column":26},"end":{"line":136,"column":45}},"60":{"start":{"line":138,"column":16},"end":{"line":140,"column":null}},"61":{"start":{"line":139,"column":20},"end":{"line":139,"column":33}},"62":{"start":{"line":144,"column":8},"end":{"line":144,"column":46}},"63":{"start":{"line":152,"column":8},"end":{"line":152,"column":37}},"64":{"start":{"line":156,"column":27},"end":{"line":156,"column":50}},"65":{"start":{"line":158,"column":8},"end":{"line":160,"column":null}},"66":{"start":{"line":159,"column":12},"end":{"line":159,"column":21}},"67":{"start":{"line":162,"column":8},"end":{"line":162,"column":47}},"68":{"start":{"line":149,"column":0},"end":{"line":149,"column":13}},"69":{"start":{"line":170,"column":8},"end":{"line":170,"column":37}},"70":{"start":{"line":175,"column":25},"end":{"line":175,"column":43}},"71":{"start":{"line":176,"column":78},"end":{"line":176,"column":100}},"72":{"start":{"line":179,"column":8},"end":{"line":197,"column":null}},"73":{"start":{"line":180,"column":12},"end":{"line":180,"column":61}},"74":{"start":{"line":183,"column":12},"end":{"line":185,"column":null}},"75":{"start":{"line":184,"column":16},"end":{"line":184,"column":25}},"76":{"start":{"line":188,"column":12},"end":{"line":196,"column":15}},"77":{"start":{"line":190,"column":16},"end":{"line":194,"column":null}},"78":{"start":{"line":193,"column":20},"end":{"line":193,"column":60}},"79":{"start":{"line":195,"column":16},"end":{"line":195,"column":29}},"80":{"start":{"line":198,"column":8},"end":{"line":200,"column":null}},"81":{"start":{"line":199,"column":12},"end":{"line":199,"column":21}},"82":{"start":{"line":202,"column":8},"end":{"line":202,"column":47}},"83":{"start":{"line":167,"column":0},"end":{"line":167,"column":13}},"84":{"start":{"line":207,"column":0},"end":{"line":207,"column":76}}},"fnMap":{"0":{"name":"loadData","decl":{"start":{"line":13,"column":16},"end":{"line":13,"column":24}},"loc":{"start":{"line":13,"column":41},"end":{"line":56,"column":1}}},"1":{"name":"(anonymous_2)","decl":{"start":{"line":63,"column":4},"end":{"line":63,"column":16}},"loc":{"start":{"line":63,"column":56},"end":{"line":66,"column":5}}},"2":{"name":"(anonymous_3)","decl":{"start":{"line":70,"column":14},"end":{"line":70,"column":30}},"loc":{"start":{"line":70,"column":61},"end":{"line":107,"column":5}}},"3":{"name":"(anonymous_4)","decl":{"start":{"line":109,"column":14},"end":{"line":109,"column":31}},"loc":{"start":{"line":109,"column":60},"end":{"line":129,"column":5}}},"4":{"name":"(anonymous_5)","decl":{"start":{"line":131,"column":14},"end":{"line":131,"column":28}},"loc":{"start":{"line":131,"column":41},"end":{"line":145,"column":5}}},"5":{"name":"(anonymous_6)","decl":{"start":{"line":151,"column":4},"end":{"line":151,"column":16}},"loc":{"start":{"line":151,"column":56},"end":{"line":153,"column":5}}},"6":{"name":"(anonymous_7)","decl":{"start":{"line":155,"column":11},"end":{"line":155,"column":16}},"loc":{"start":{"line":155,"column":16},"end":{"line":163,"column":5}}},"7":{"name":"(anonymous_8)","decl":{"start":{"line":169,"column":4},"end":{"line":169,"column":16}},"loc":{"start":{"line":169,"column":56},"end":{"line":171,"column":5}}},"8":{"name":"(anonymous_9)","decl":{"start":{"line":173,"column":11},"end":{"line":173,"column":16}},"loc":{"start":{"line":173,"column":16},"end":{"line":203,"column":5}}},"9":{"name":"(anonymous_10)","decl":{"start":{"line":188,"column":28},"end":{"line":188,"column":29}},"loc":{"start":{"line":188,"column":39},"end":{"line":196,"column":13}}},"10":{"name":"(anonymous_11)","decl":{"start":{"line":190,"column":57},"end":{"line":190,"column":67}},"loc":{"start":{"line":190,"column":79},"end":{"line":194,"column":17}}}},"branchMap":{"0":{"loc":{"start":{"line":26,"column":8},"end":{"line":29,"column":null}},"type":"if","locations":[{"start":{"line":26,"column":8},"end":{"line":29,"column":null}}]},"1":{"loc":{"start":{"line":32,"column":8},"end":{"line":36,"column":null}},"type":"if","locations":[{"start":{"line":32,"column":8},"end":{"line":36,"column":null}}]},"2":{"loc":{"start":{"line":33,"column":12},"end":{"line":35,"column":null}},"type":"if","locations":[{"start":{"line":33,"column":12},"end":{"line":35,"column":null}}]},"3":{"loc":{"start":{"line":39,"column":8},"end":{"line":45,"column":null}},"type":"if","locations":[{"start":{"line":39,"column":8},"end":{"line":45,"column":null}}]},"4":{"loc":{"start":{"line":47,"column":8},"end":{"line":49,"column":null}},"type":"if","locations":[{"start":{"line":47,"column":8},"end":{"line":49,"column":null}}]},"5":{"loc":{"start":{"line":70,"column":31},"end":{"line":70,"column":61}},"type":"default-arg","locations":[{"start":{"line":70,"column":56},"end":{"line":70,"column":61}}]},"6":{"loc":{"start":{"line":81,"column":16},"end":{"line":97,"column":null}},"type":"if","locations":[{"start":{"line":81,"column":16},"end":{"line":97,"column":null}}]},"7":{"loc":{"start":{"line":83,"column":20},"end":{"line":85,"column":null}},"type":"if","locations":[{"start":{"line":83,"column":20},"end":{"line":85,"column":null}}]},"8":{"loc":{"start":{"line":90,"column":20},"end":{"line":96,"column":null}},"type":"if","locations":[{"start":{"line":90,"column":20},"end":{"line":96,"column":null}},{"start":{"line":92,"column":27},"end":{"line":96,"column":null}}]},"9":{"loc":{"start":{"line":101,"column":12},"end":{"line":103,"column":null}},"type":"if","locations":[{"start":{"line":101,"column":12},"end":{"line":103,"column":null}}]},"10":{"loc":{"start":{"line":101,"column":16},"end":{"line":101,"column":42}},"type":"binary-expr","locations":[{"start":{"line":101,"column":16},"end":{"line":101,"column":29}},{"start":{"line":101,"column":33},"end":{"line":101,"column":42}}]},"11":{"loc":{"start":{"line":114,"column":16},"end":{"line":124,"column":null}},"type":"if","locations":[{"start":{"line":114,"column":16},"end":{"line":124,"column":null}}]},"12":{"loc":{"start":{"line":121,"column":20},"end":{"line":123,"column":null}},"type":"if","locations":[{"start":{"line":121,"column":20},"end":{"line":123,"column":null}}]},"13":{"loc":{"start":{"line":121,"column":24},"end":{"line":121,"column":77}},"type":"binary-expr","locations":[{"start":{"line":121,"column":24},"end":{"line":121,"column":50}},{"start":{"line":121,"column":54},"end":{"line":121,"column":77}}]},"14":{"loc":{"start":{"line":138,"column":16},"end":{"line":140,"column":null}},"type":"if","locations":[{"start":{"line":138,"column":16},"end":{"line":140,"column":null}}]},"15":{"loc":{"start":{"line":158,"column":8},"end":{"line":160,"column":null}},"type":"if","locations":[{"start":{"line":158,"column":8},"end":{"line":160,"column":null}}]},"16":{"loc":{"start":{"line":183,"column":12},"end":{"line":185,"column":null}},"type":"if","locations":[{"start":{"line":183,"column":12},"end":{"line":185,"column":null}}]},"17":{"loc":{"start":{"line":183,"column":16},"end":{"line":183,"column":62}},"type":"binary-expr","locations":[{"start":{"line":183,"column":16},"end":{"line":183,"column":37}},{"start":{"line":183,"column":41},"end":{"line":183,"column":62}}]},"18":{"loc":{"start":{"line":198,"column":8},"end":{"line":200,"column":null}},"type":"if","locations":[{"start":{"line":198,"column":8},"end":{"line":200,"column":null}}]}},"s":{"0":1,"1":1,"2":4,"3":4,"4":4,"5":4,"6":4,"7":4,"8":650,"9":650,"10":105,"11":105,"12":545,"13":109,"14":109,"15":545,"16":109,"17":545,"18":0,"19":545,"20":4,"21":1,"22":2,"23":2,"24":4,"25":4,"26":4,"27":4,"28":4,"29":53,"30":53,"31":115,"32":115,"33":4,"34":4,"35":4,"36":4,"37":1,"38":3,"39":3,"40":52,"41":3,"42":0,"43":115,"44":115,"45":562,"46":562,"47":2805,"48":77,"49":77,"50":77,"51":77,"52":4,"53":111,"54":2,"55":2,"56":2,"57":10,"58":10,"59":50,"60":50,"61":23,"62":2,"63":1,"64":1,"65":1,"66":0,"67":1,"68":1,"69":1,"70":1,"71":1,"72":1,"73":3,"74":3,"75":0,"76":3,"77":3,"78":5,"79":3,"80":1,"81":0,"82":1,"83":1,"84":1},"f":{"0":4,"1":2,"2":4,"3":115,"4":2,"5":1,"6":1,"7":1,"8":1,"9":3,"10":5},"b":{"0":[105],"1":[109],"2":[109],"3":[109],"4":[0],"5":[1],"6":[4],"7":[4],"8":[1,3],"9":[3],"10":[52,41],"11":[77],"12":[4],"13":[77,76],"14":[23],"15":[0],"16":[0],"17":[3,3],"18":[0]}}
,"D:\\Repositories\\Kryha\\Job Application\\adventofcode\\src\\bin\\day-5\\index.ts": {"path":"D:\\Repositories\\Kryha\\Job Application\\adventofcode\\src\\bin\\day-5\\index.ts","statementMap":{"0":{"start":{"line":1,"column":0},"end":{"line":1,"column":24}},"1":{"start":{"line":2,"column":0},"end":{"line":2,"column":20}},"2":{"start":{"line":10,"column":0},"end":{"line":10,"column":null}},"3":{"start":{"line":11,"column":4},"end":{"line":11,"column":null}},"4":{"start":{"line":12,"column":4},"end":{"line":12,"column":null}},"5":{"start":{"line":13,"column":4},"end":{"line":13,"column":null}},"6":{"start":{"line":14,"column":4},"end":{"line":14,"column":null}},"7":{"start":{"line":15,"column":4},"end":{"line":15,"column":null}},"8":{"start":{"line":25,"column":17},"end":{"line":25,"column":89}},"9":{"start":{"line":26,"column":28},"end":{"line":26,"column":30}},"10":{"start":{"line":29,"column":18},"end":{"line":29,"column":36}},"11":{"start":{"line":31,"column":4},"end":{"line":78,"column":null}},"12":{"start":{"line":31,"column":17},"end":{"line":31,"column":18}},"13":{"start":{"line":33,"column":21},"end":{"line":33,"column":49}},"14":{"start":{"line":35,"column":21},"end":{"line":35,"column":61}},"15":{"start":{"line":36,"column":27},"end":{"line":36,"column":35}},"16":{"start":{"line":38,"column":8},"end":{"line":38,"column":58}},"17":{"start":{"line":39,"column":25},"end":{"line":39,"column":33}},"18":{"start":{"line":41,"column":51},"end":{"line":41,"column":60}},"19":{"start":{"line":42,"column":8},"end":{"line":48,"column":null}},"20":{"start":{"line":43,"column":12},"end":{"line":43,"column":47}},"21":{"start":{"line":45,"column":12},"end":{"line":47,"column":null}},"22":{"start":{"line":46,"column":16},"end":{"line":46,"column":44}},"23":{"start":{"line":49,"column":8},"end":{"line":60,"column":null}},"24":{"start":{"line":51,"column":12},"end":{"line":59,"column":null}},"25":{"start":{"line":52,"column":16},"end":{"line":52,"column":48}},"26":{"start":{"line":54,"column":16},"end":{"line":54,"column":53}},"27":{"start":{"line":56,"column":16},"end":{"line":58,"column":null}},"28":{"start":{"line":57,"column":20},"end":{"line":57,"column":48}},"29":{"start":{"line":62,"column":8},"end":{"line":73,"column":null}},"30":{"start":{"line":65,"column":12},"end":{"line":67,"column":null}},"31":{"start":{"line":66,"column":16},"end":{"line":66,"column":44}},"32":{"start":{"line":68,"column":12},"end":{"line":72,"column":null}},"33":{"start":{"line":69,"column":16},"end":{"line":69,"column":47}},"34":{"start":{"line":71,"column":16},"end":{"line":71,"column":48}},"35":{"start":{"line":75,"column":25},"end":{"line":75,"column":52}},"36":{"start":{"line":77,"column":8},"end":{"line":77,"column":29}},"37":{"start":{"line":80,"column":4},"end":{"line":80,"column":21}},"38":{"start":{"line":24,"column":0},"end":{"line":24,"column":16}},"39":{"start":{"line":88,"column":8},"end":{"line":88,"column":27}},"40":{"start":{"line":90,"column":19},"end":{"line":90,"column":119}},"41":{"start":{"line":90,"column":73},"end":{"line":90,"column":115}},"42":{"start":{"line":91,"column":19},"end":{"line":91,"column":119}},"43":{"start":{"line":91,"column":73},"end":{"line":91,"column":115}},"44":{"start":{"line":93,"column":8},"end":{"line":93,"column":90}},"45":{"start":{"line":93,"column":61},"end":{"line":93,"column":88}},"46":{"start":{"line":99,"column":8},"end":{"line":146,"column":11}},"47":{"start":{"line":103,"column":12},"end":{"line":145,"column":null}},"48":{"start":{"line":105,"column":20},"end":{"line":105,"column":66}},"49":{"start":{"line":106,"column":20},"end":{"line":106,"column":26}},"50":{"start":{"line":108,"column":20},"end":{"line":108,"column":59}},"51":{"start":{"line":110,"column":20},"end":{"line":112,"column":null}},"52":{"start":{"line":110,"column":33},"end":{"line":110,"column":34}},"53":{"start":{"line":111,"column":24},"end":{"line":111,"column":74}},"54":{"start":{"line":113,"column":20},"end":{"line":113,"column":26}},"55":{"start":{"line":115,"column":20},"end":{"line":115,"column":59}},"56":{"start":{"line":117,"column":20},"end":{"line":119,"column":null}},"57":{"start":{"line":117,"column":33},"end":{"line":117,"column":34}},"58":{"start":{"line":118,"column":24},"end":{"line":118,"column":74}},"59":{"start":{"line":120,"column":20},"end":{"line":120,"column":26}},"60":{"start":{"line":122,"column":20},"end":{"line":122,"column":41}},"61":{"start":{"line":123,"column":20},"end":{"line":125,"column":null}},"62":{"start":{"line":124,"column":24},"end":{"line":124,"column":31}},"63":{"start":{"line":127,"column":20},"end":{"line":131,"column":null}},"64":{"start":{"line":128,"column":24},"end":{"line":128,"column":64}},"65":{"start":{"line":129,"column":24},"end":{"line":129,"column":39}},"66":{"start":{"line":130,"column":24},"end":{"line":130,"column":39}},"67":{"start":{"line":132,"column":20},"end":{"line":132,"column":26}},"68":{"start":{"line":134,"column":20},"end":{"line":134,"column":41}},"69":{"start":{"line":135,"column":20},"end":{"line":137,"column":null}},"70":{"start":{"line":136,"column":24},"end":{"line":136,"column":31}},"71":{"start":{"line":139,"column":20},"end":{"line":143,"column":null}},"72":{"start":{"line":140,"column":24},"end":{"line":140,"column":64}},"73":{"start":{"line":141,"column":24},"end":{"line":141,"column":39}},"74":{"start":{"line":142,"column":24},"end":{"line":142,"column":39}},"75":{"start":{"line":144,"column":20},"end":{"line":144,"column":26}},"76":{"start":{"line":150,"column":28},"end":{"line":150,"column":29}},"77":{"start":{"line":152,"column":8},"end":{"line":158,"column":null}},"78":{"start":{"line":152,"column":21},"end":{"line":152,"column":22}},"79":{"start":{"line":153,"column":12},"end":{"line":157,"column":null}},"80":{"start":{"line":153,"column":25},"end":{"line":153,"column":26}},"81":{"start":{"line":154,"column":16},"end":{"line":156,"column":null}},"82":{"start":{"line":155,"column":20},"end":{"line":155,"column":31}},"83":{"start":{"line":159,"column":8},"end":{"line":159,"column":21}},"84":{"start":{"line":167,"column":8},"end":{"line":167,"column":21}},"85":{"start":{"line":171,"column":8},"end":{"line":171,"column":35}},"86":{"start":{"line":172,"column":8},"end":{"line":172,"column":33}},"87":{"start":{"line":173,"column":8},"end":{"line":173,"column":37}},"88":{"start":{"line":177,"column":36},"end":{"line":177,"column":38}},"89":{"start":{"line":179,"column":8},"end":{"line":184,"column":11}},"90":{"start":{"line":180,"column":12},"end":{"line":182,"column":null}},"91":{"start":{"line":181,"column":16},"end":{"line":181,"column":23}},"92":{"start":{"line":183,"column":12},"end":{"line":183,"column":37}},"93":{"start":{"line":186,"column":8},"end":{"line":186,"column":35}},"94":{"start":{"line":164,"column":0},"end":{"line":164,"column":13}},"95":{"start":{"line":194,"column":8},"end":{"line":194,"column":21}},"96":{"start":{"line":198,"column":8},"end":{"line":198,"column":33}},"97":{"start":{"line":199,"column":8},"end":{"line":199,"column":37}},"98":{"start":{"line":191,"column":0},"end":{"line":191,"column":13}},"99":{"start":{"line":204,"column":0},"end":{"line":204,"column":76}}},"fnMap":{"0":{"name":"(anonymous_1)","decl":{"start":{"line":10,"column":0},"end":{"line":10,"column":5}},"loc":{"start":{"line":10,"column":16},"end":{"line":16,"column":1}}},"1":{"name":"loadData","decl":{"start":{"line":24,"column":16},"end":{"line":24,"column":24}},"loc":{"start":{"line":24,"column":41},"end":{"line":81,"column":1}}},"2":{"name":"(anonymous_3)","decl":{"start":{"line":87,"column":4},"end":{"line":87,"column":16}},"loc":{"start":{"line":87,"column":29},"end":{"line":94,"column":5}}},"3":{"name":"(anonymous_4)","decl":{"start":{"line":90,"column":55},"end":{"line":90,"column":65}},"loc":{"start":{"line":90,"column":69},"end":{"line":90,"column":117}}},"4":{"name":"(anonymous_5)","decl":{"start":{"line":91,"column":55},"end":{"line":91,"column":65}},"loc":{"start":{"line":91,"column":69},"end":{"line":91,"column":117}}},"5":{"name":"(anonymous_6)","decl":{"start":{"line":93,"column":55},"end":{"line":93,"column":58}},"loc":{"start":{"line":93,"column":61},"end":{"line":93,"column":88}}},"6":{"name":"(anonymous_7)","decl":{"start":{"line":98,"column":14},"end":{"line":98,"column":31}},"loc":{"start":{"line":98,"column":31},"end":{"line":147,"column":5}}},"7":{"name":"(anonymous_8)","decl":{"start":{"line":99,"column":27},"end":{"line":99,"column":31}},"loc":{"start":{"line":99,"column":34},"end":{"line":146,"column":9}}},"8":{"name":"(anonymous_9)","decl":{"start":{"line":149,"column":14},"end":{"line":149,"column":28}},"loc":{"start":{"line":149,"column":28},"end":{"line":160,"column":5}}},"9":{"name":"(anonymous_10)","decl":{"start":{"line":166,"column":4},"end":{"line":166,"column":16}},"loc":{"start":{"line":166,"column":29},"end":{"line":168,"column":5}}},"10":{"name":"(anonymous_11)","decl":{"start":{"line":170,"column":11},"end":{"line":170,"column":16}},"loc":{"start":{"line":170,"column":16},"end":{"line":174,"column":5}}},"11":{"name":"(anonymous_12)","decl":{"start":{"line":176,"column":12},"end":{"line":176,"column":31}},"loc":{"start":{"line":176,"column":31},"end":{"line":187,"column":5}}},"12":{"name":"(anonymous_13)","decl":{"start":{"line":179,"column":27},"end":{"line":179,"column":31}},"loc":{"start":{"line":179,"column":34},"end":{"line":184,"column":9}}},"13":{"name":"(anonymous_14)","decl":{"start":{"line":193,"column":4},"end":{"line":193,"column":16}},"loc":{"start":{"line":193,"column":29},"end":{"line":195,"column":5}}},"14":{"name":"(anonymous_15)","decl":{"start":{"line":197,"column":11},"end":{"line":197,"column":16}},"loc":{"start":{"line":197,"column":16},"end":{"line":200,"column":5}}}},"branchMap":{"0":{"loc":{"start":{"line":10,"column":5},"end":{"line":10,"column":null}},"type":"binary-expr","locations":[{"start":{"line":10,"column":5},"end":{"line":10,"column":16}},{"start":{"line":10,"column":5},"end":{"line":10,"column":null}}]},"1":{"loc":{"start":{"line":42,"column":8},"end":{"line":48,"column":null}},"type":"if","locations":[{"start":{"line":42,"column":8},"end":{"line":48,"column":null}}]},"2":{"loc":{"start":{"line":45,"column":12},"end":{"line":47,"column":null}},"type":"if","locations":[{"start":{"line":45,"column":12},"end":{"line":47,"column":null}}]},"3":{"loc":{"start":{"line":49,"column":8},"end":{"line":60,"column":null}},"type":"if","locations":[{"start":{"line":49,"column":8},"end":{"line":60,"column":null}}]},"4":{"loc":{"start":{"line":51,"column":12},"end":{"line":59,"column":null}},"type":"if","locations":[{"start":{"line":51,"column":12},"end":{"line":59,"column":null}},{"start":{"line":53,"column":19},"end":{"line":59,"column":null}}]},"5":{"loc":{"start":{"line":56,"column":16},"end":{"line":58,"column":null}},"type":"if","locations":[{"start":{"line":56,"column":16},"end":{"line":58,"column":null}}]},"6":{"loc":{"start":{"line":62,"column":8},"end":{"line":73,"column":null}},"type":"if","locations":[{"start":{"line":62,"column":8},"end":{"line":73,"column":null}}]},"7":{"loc":{"start":{"line":65,"column":12},"end":{"line":67,"column":null}},"type":"if","locations":[{"start":{"line":65,"column":12},"end":{"line":67,"column":null}}]},"8":{"loc":{"start":{"line":68,"column":12},"end":{"line":72,"column":null}},"type":"if","locations":[{"start":{"line":68,"column":12},"end":{"line":72,"column":null}},{"start":{"line":70,"column":19},"end":{"line":72,"column":null}}]},"9":{"loc":{"start":{"line":103,"column":12},"end":{"line":145,"column":null}},"type":"switch","locations":[{"start":{"line":104,"column":16},"end":{"line":106,"column":26}},{"start":{"line":107,"column":16},"end":{"line":113,"column":26}},{"start":{"line":114,"column":16},"end":{"line":120,"column":26}},{"start":{"line":121,"column":16},"end":{"line":132,"column":26}},{"start":{"line":133,"column":16},"end":{"line":144,"column":26}}]},"10":{"loc":{"start":{"line":123,"column":20},"end":{"line":125,"column":null}},"type":"if","locations":[{"start":{"line":123,"column":20},"end":{"line":125,"column":null}}]},"11":{"loc":{"start":{"line":127,"column":27},"end":{"line":127,"column":85}},"type":"binary-expr","locations":[{"start":{"line":127,"column":27},"end":{"line":127,"column":54}},{"start":{"line":127,"column":58},"end":{"line":127,"column":85}}]},"12":{"loc":{"start":{"line":135,"column":20},"end":{"line":137,"column":null}},"type":"if","locations":[{"start":{"line":135,"column":20},"end":{"line":137,"column":null}}]},"13":{"loc":{"start":{"line":139,"column":27},"end":{"line":139,"column":85}},"type":"binary-expr","locations":[{"start":{"line":139,"column":27},"end":{"line":139,"column":54}},{"start":{"line":139,"column":58},"end":{"line":139,"column":85}}]},"14":{"loc":{"start":{"line":154,"column":16},"end":{"line":156,"column":null}},"type":"if","locations":[{"start":{"line":154,"column":16},"end":{"line":156,"column":null}}]},"15":{"loc":{"start":{"line":180,"column":12},"end":{"line":182,"column":null}},"type":"if","locations":[{"start":{"line":180,"column":12},"end":{"line":182,"column":null}}]},"16":{"loc":{"start":{"line":180,"column":16},"end":{"line":180,"column":95}},"type":"binary-expr","locations":[{"start":{"line":180,"column":16},"end":{"line":180,"column":53}},{"start":{"line":180,"column":57},"end":{"line":180,"column":95}}]}},"s":{"0":1,"1":1,"2":1,"3":1,"4":1,"5":1,"6":1,"7":1,"8":3,"9":3,"10":3,"11":3,"12":3,"13":30,"14":30,"15":30,"16":30,"17":30,"18":30,"19":30,"20":6,"21":6,"22":3,"23":30,"24":12,"25":0,"26":12,"27":12,"28":6,"29":30,"30":12,"31":6,"32":12,"33":6,"34":6,"35":30,"36":30,"37":3,"38":1,"39":2,"40":2,"41":20,"42":2,"43":20,"44":2,"45":20,"46":2,"47":16,"48":0,"49":0,"50":8,"51":8,"52":8,"53":38,"54":8,"55":4,"56":4,"57":4,"58":14,"59":4,"60":2,"61":2,"62":0,"63":2,"64":13,"65":13,"66":13,"67":2,"68":2,"69":2,"70":0,"71":2,"72":14,"73":14,"74":14,"75":2,"76":2,"77":2,"78":2,"79":20,"80":20,"81":200,"82":17,"83":2,"84":1,"85":1,"86":1,"87":1,"88":1,"89":1,"90":10,"91":4,"92":6,"93":1,"94":1,"95":1,"96":1,"97":1,"98":1,"99":1},"f":{"0":1,"1":3,"2":2,"3":20,"4":20,"5":20,"6":2,"7":16,"8":2,"9":1,"10":1,"11":1,"12":10,"13":1,"14":1},"b":{"0":[1,1],"1":[6],"2":[3],"3":[12],"4":[0,12],"5":[6],"6":[12],"7":[6],"8":[6,6],"9":[0,8,4,2,2],"10":[0],"11":[15,13],"12":[0],"13":[16,14],"14":[17],"15":[4],"16":[10,8]}}
,"D:\\Repositories\\Kryha\\Job Application\\adventofcode\\src\\bin\\day-6\\index.ts": {"path":"D:\\Repositories\\Kryha\\Job Application\\adventofcode\\src\\bin\\day-6\\index.ts","statementMap":{"0":{"start":{"line":1,"column":0},"end":{"line":1,"column":24}},"1":{"start":{"line":2,"column":0},"end":{"line":2,"column":20}},"2":{"start":{"line":11,"column":29},"end":{"line":11,"column":114}},"3":{"start":{"line":12,"column":36},"end":{"line":12,"column":38}},"4":{"start":{"line":15,"column":4},"end":{"line":17,"column":null}},"5":{"start":{"line":15,"column":17},"end":{"line":15,"column":18}},"6":{"start":{"line":16,"column":8},"end":{"line":16,"column":54}},"7":{"start":{"line":20,"column":4},"end":{"line":22,"column":7}},"8":{"start":{"line":21,"column":8},"end":{"line":21,"column":42}},"9":{"start":{"line":24,"column":4},"end":{"line":24,"column":23}},"10":{"start":{"line":10,"column":0},"end":{"line":10,"column":16}},"11":{"start":{"line":29,"column":4},"end":{"line":29,"column":28}},"12":{"start":{"line":32,"column":8},"end":{"line":32,"column":39}},"13":{"start":{"line":36,"column":28},"end":{"line":36,"column":29}},"14":{"start":{"line":37,"column":27},"end":{"line":37,"column":28}},"15":{"start":{"line":39,"column":8},"end":{"line":42,"column":null}},"16":{"start":{"line":40,"column":12},"end":{"line":40,"column":24}},"17":{"start":{"line":41,"column":12},"end":{"line":41,"column":19}},"18":{"start":{"line":44,"column":8},"end":{"line":46,"column":null}},"19":{"start":{"line":45,"column":12},"end":{"line":45,"column":36}},"20":{"start":{"line":48,"column":8},"end":{"line":48,"column":21}},"21":{"start":{"line":53,"column":8},"end":{"line":55,"column":11}},"22":{"start":{"line":54,"column":12},"end":{"line":54,"column":34}},"23":{"start":{"line":57,"column":25},"end":{"line":57,"column":49}},"24":{"start":{"line":59,"column":8},"end":{"line":63,"column":null}},"25":{"start":{"line":60,"column":12},"end":{"line":60,"column":33}},"26":{"start":{"line":61,"column":12},"end":{"line":61,"column":68}},"27":{"start":{"line":62,"column":12},"end":{"line":62,"column":46}},"28":{"start":{"line":71,"column":8},"end":{"line":71,"column":27}},"29":{"start":{"line":72,"column":8},"end":{"line":72,"column":30}},"30":{"start":{"line":68,"column":0},"end":{"line":68,"column":13}},"31":{"start":{"line":80,"column":8},"end":{"line":80,"column":27}},"32":{"start":{"line":81,"column":8},"end":{"line":81,"column":31}},"33":{"start":{"line":77,"column":0},"end":{"line":77,"column":13}},"34":{"start":{"line":87,"column":0},"end":{"line":87,"column":76}}},"fnMap":{"0":{"name":"loadData","decl":{"start":{"line":10,"column":16},"end":{"line":10,"column":24}},"loc":{"start":{"line":10,"column":41},"end":{"line":25,"column":1}}},"1":{"name":"(anonymous_2)","decl":{"start":{"line":20,"column":19},"end":{"line":20,"column":23}},"loc":{"start":{"line":20,"column":26},"end":{"line":22,"column":5}}},"2":{"name":"(anonymous_3)","decl":{"start":{"line":31,"column":4},"end":{"line":31,"column":16}},"loc":{"start":{"line":31,"column":41},"end":{"line":33,"column":5}}},"3":{"name":"(anonymous_4)","decl":{"start":{"line":35,"column":11},"end":{"line":35,"column":16}},"loc":{"start":{"line":35,"column":16},"end":{"line":49,"column":5}}},"4":{"name":"(anonymous_5)","decl":{"start":{"line":44,"column":33},"end":{"line":44,"column":36}},"loc":{"start":{"line":44,"column":39},"end":{"line":46,"column":9}}},"5":{"name":"(anonymous_6)","decl":{"start":{"line":51,"column":12},"end":{"line":51,"column":16}},"loc":{"start":{"line":51,"column":16},"end":{"line":64,"column":5}}},"6":{"name":"(anonymous_7)","decl":{"start":{"line":53,"column":33},"end":{"line":53,"column":34}},"loc":{"start":{"line":53,"column":48},"end":{"line":55,"column":9}}},"7":{"name":"(anonymous_8)","decl":{"start":{"line":70,"column":4},"end":{"line":70,"column":16}},"loc":{"start":{"line":70,"column":41},"end":{"line":73,"column":5}}},"8":{"name":"(anonymous_9)","decl":{"start":{"line":79,"column":4},"end":{"line":79,"column":16}},"loc":{"start":{"line":79,"column":41},"end":{"line":82,"column":5}}}},"branchMap":{"0":{"loc":{"start":{"line":59,"column":8},"end":{"line":63,"column":null}},"type":"if","locations":[{"start":{"line":59,"column":8},"end":{"line":63,"column":null}}]}},"s":{"0":1,"1":1,"2":2,"3":2,"4":2,"5":2,"6":18,"7":2,"8":10,"9":2,"10":1,"11":2,"12":2,"13":2,"14":2,"15":2,"16":336,"17":336,"18":2,"19":18,"20":2,"21":336,"22":3024,"23":336,"24":336,"25":336,"26":336,"27":336,"28":1,"29":1,"30":1,"31":1,"32":1,"33":1,"34":1},"f":{"0":2,"1":10,"2":2,"3":2,"4":18,"5":336,"6":3024,"7":1,"8":1},"b":{"0":[336]}}
,"D:\\Repositories\\Kryha\\Job Application\\adventofcode\\src\\dist\\day-4\\index.js": {"path":"D:\\Repositories\\Kryha\\Job Application\\adventofcode\\src\\dist\\day-4\\index.js","statementMap":{"0":{"start":{"line":2,"column":22},"end":{"line":4,"column":1}},"1":{"start":{"line":3,"column":4},"end":{"line":3,"column":62}},"2":{"start":{"line":5,"column":0},"end":{"line":5,"column":62}},"3":{"start":{"line":6,"column":0},"end":{"line":6,"column":74}},"4":{"start":{"line":7,"column":15},"end":{"line":7,"column":47}},"5":{"start":{"line":8,"column":13},"end":{"line":8,"column":43}},"6":{"start":{"line":11,"column":17},"end":{"line":11,"column":109}},"7":{"start":{"line":12,"column":17},"end":{"line":12,"column":19}},"8":{"start":{"line":14,"column":18},"end":{"line":14,"column":36}},"9":{"start":{"line":15,"column":20},"end":{"line":15,"column":21}},"10":{"start":{"line":17,"column":4},"end":{"line":48,"column":5}},"11":{"start":{"line":17,"column":17},"end":{"line":17,"column":18}},"12":{"start":{"line":18,"column":8},"end":{"line":18,"column":20}},"13":{"start":{"line":21,"column":8},"end":{"line":24,"column":9}},"14":{"start":{"line":22,"column":12},"end":{"line":22,"column":26}},"15":{"start":{"line":23,"column":12},"end":{"line":23,"column":21}},"16":{"start":{"line":27,"column":8},"end":{"line":31,"column":9}},"17":{"start":{"line":28,"column":12},"end":{"line":30,"column":13}},"18":{"start":{"line":29,"column":16},"end":{"line":29,"column":35}},"19":{"start":{"line":34,"column":8},"end":{"line":40,"column":9}},"20":{"start":{"line":35,"column":12},"end":{"line":39,"column":14}},"21":{"start":{"line":42,"column":8},"end":{"line":44,"column":9}},"22":{"start":{"line":43,"column":12},"end":{"line":43,"column":21}},"23":{"start":{"line":47,"column":8},"end":{"line":47,"column":81}},"24":{"start":{"line":49,"column":4},"end":{"line":49,"column":18}},"25":{"start":{"line":51,"column":0},"end":{"line":51,"column":28}},"26":{"start":{"line":54,"column":8},"end":{"line":54,"column":29}},"27":{"start":{"line":55,"column":8},"end":{"line":55,"column":43}},"28":{"start":{"line":58,"column":21},"end":{"line":58,"column":23}},"29":{"start":{"line":59,"column":20},"end":{"line":59,"column":22}},"30":{"start":{"line":60,"column":24},"end":{"line":60,"column":29}},"31":{"start":{"line":62,"column":8},"end":{"line":91,"column":9}},"32":{"start":{"line":62,"column":29},"end":{"line":62,"column":30}},"33":{"start":{"line":64,"column":12},"end":{"line":85,"column":13}},"34":{"start":{"line":64,"column":32},"end":{"line":64,"column":33}},"35":{"start":{"line":66,"column":31},"end":{"line":66,"column":107}},"36":{"start":{"line":67,"column":16},"end":{"line":84,"column":17}},"37":{"start":{"line":69,"column":20},"end":{"line":71,"column":21}},"38":{"start":{"line":70,"column":24},"end":{"line":70,"column":41}},"39":{"start":{"line":72,"column":20},"end":{"line":72,"column":74}},"40":{"start":{"line":76,"column":20},"end":{"line":83,"column":21}},"41":{"start":{"line":77,"column":24},"end":{"line":77,"column":69}},"42":{"start":{"line":81,"column":24},"end":{"line":81,"column":59}},"43":{"start":{"line":82,"column":24},"end":{"line":82,"column":45}},"44":{"start":{"line":88,"column":12},"end":{"line":90,"column":13}},"45":{"start":{"line":89,"column":16},"end":{"line":89,"column":39}},"46":{"start":{"line":92,"column":8},"end":{"line":92,"column":38}},"47":{"start":{"line":96,"column":8},"end":{"line":111,"column":9}},"48":{"start":{"line":96,"column":21},"end":{"line":96,"column":22}},"49":{"start":{"line":97,"column":12},"end":{"line":110,"column":13}},"50":{"start":{"line":97,"column":25},"end":{"line":97,"column":26}},"51":{"start":{"line":99,"column":16},"end":{"line":109,"column":17}},"52":{"start":{"line":102,"column":20},"end":{"line":102,"column":45}},"53":{"start":{"line":103,"column":20},"end":{"line":103,"column":43}},"54":{"start":{"line":104,"column":20},"end":{"line":104,"column":46}},"55":{"start":{"line":106,"column":20},"end":{"line":108,"column":21}},"56":{"start":{"line":107,"column":24},"end":{"line":107,"column":36}},"57":{"start":{"line":112,"column":8},"end":{"line":112,"column":21}},"58":{"start":{"line":115,"column":20},"end":{"line":115,"column":21}},"59":{"start":{"line":117,"column":8},"end":{"line":125,"column":9}},"60":{"start":{"line":117,"column":21},"end":{"line":117,"column":22}},"61":{"start":{"line":118,"column":12},"end":{"line":124,"column":13}},"62":{"start":{"line":118,"column":25},"end":{"line":118,"column":26}},"63":{"start":{"line":119,"column":26},"end":{"line":119,"column":45}},"64":{"start":{"line":121,"column":16},"end":{"line":123,"column":17}},"65":{"start":{"line":122,"column":20},"end":{"line":122,"column":33}},"66":{"start":{"line":126,"column":8},"end":{"line":126,"column":45}},"67":{"start":{"line":132,"column":8},"end":{"line":132,"column":37}},"68":{"start":{"line":135,"column":27},"end":{"line":135,"column":50}},"69":{"start":{"line":137,"column":8},"end":{"line":139,"column":9}},"70":{"start":{"line":138,"column":12},"end":{"line":138,"column":21}},"71":{"start":{"line":140,"column":8},"end":{"line":140,"column":47}},"72":{"start":{"line":143,"column":0},"end":{"line":143,"column":38}},"73":{"start":{"line":147,"column":8},"end":{"line":147,"column":37}},"74":{"start":{"line":151,"column":25},"end":{"line":151,"column":43}},"75":{"start":{"line":152,"column":33},"end":{"line":152,"column":55}},"76":{"start":{"line":154,"column":8},"end":{"line":171,"column":9}},"77":{"start":{"line":155,"column":12},"end":{"line":155,"column":61}},"78":{"start":{"line":158,"column":12},"end":{"line":160,"column":13}},"79":{"start":{"line":159,"column":16},"end":{"line":159,"column":25}},"80":{"start":{"line":162,"column":12},"end":{"line":170,"column":15}},"81":{"start":{"line":164,"column":16},"end":{"line":168,"column":23}},"82":{"start":{"line":167,"column":20},"end":{"line":167,"column":60}},"83":{"start":{"line":169,"column":16},"end":{"line":169,"column":29}},"84":{"start":{"line":172,"column":8},"end":{"line":174,"column":9}},"85":{"start":{"line":173,"column":12},"end":{"line":173,"column":21}},"86":{"start":{"line":175,"column":8},"end":{"line":175,"column":47}},"87":{"start":{"line":178,"column":0},"end":{"line":178,"column":38}},"88":{"start":{"line":180,"column":0},"end":{"line":180,"column":79}}},"fnMap":{"0":{"name":"(anonymous_0)","decl":{"start":{"line":2,"column":56},"end":{"line":2,"column":57}},"loc":{"start":{"line":2,"column":71},"end":{"line":4,"column":1}},"line":2},"1":{"name":"loadData","decl":{"start":{"line":10,"column":9},"end":{"line":10,"column":17}},"loc":{"start":{"line":10,"column":28},"end":{"line":50,"column":1}},"line":10},"2":{"name":"(anonymous_2)","decl":{"start":{"line":53,"column":4},"end":{"line":53,"column":5}},"loc":{"start":{"line":53,"column":39},"end":{"line":56,"column":5}},"line":53},"3":{"name":"(anonymous_3)","decl":{"start":{"line":57,"column":4},"end":{"line":57,"column":5}},"loc":{"start":{"line":57,"column":44},"end":{"line":93,"column":5}},"line":57},"4":{"name":"(anonymous_4)","decl":{"start":{"line":94,"column":4},"end":{"line":94,"column":5}},"loc":{"start":{"line":94,"column":37},"end":{"line":113,"column":5}},"line":94},"5":{"name":"(anonymous_5)","decl":{"start":{"line":114,"column":4},"end":{"line":114,"column":5}},"loc":{"start":{"line":114,"column":26},"end":{"line":127,"column":5}},"line":114},"6":{"name":"(anonymous_6)","decl":{"start":{"line":131,"column":4},"end":{"line":131,"column":5}},"loc":{"start":{"line":131,"column":39},"end":{"line":133,"column":5}},"line":131},"7":{"name":"(anonymous_7)","decl":{"start":{"line":134,"column":4},"end":{"line":134,"column":5}},"loc":{"start":{"line":134,"column":12},"end":{"line":141,"column":5}},"line":134},"8":{"name":"(anonymous_8)","decl":{"start":{"line":146,"column":4},"end":{"line":146,"column":5}},"loc":{"start":{"line":146,"column":39},"end":{"line":148,"column":5}},"line":146},"9":{"name":"(anonymous_9)","decl":{"start":{"line":149,"column":4},"end":{"line":149,"column":5}},"loc":{"start":{"line":149,"column":12},"end":{"line":176,"column":5}},"line":149},"10":{"name":"(anonymous_10)","decl":{"start":{"line":162,"column":28},"end":{"line":162,"column":29}},"loc":{"start":{"line":162,"column":40},"end":{"line":170,"column":13}},"line":162},"11":{"name":"(anonymous_11)","decl":{"start":{"line":164,"column":57},"end":{"line":164,"column":58}},"loc":{"start":{"line":164,"column":74},"end":{"line":168,"column":17}},"line":164}},"branchMap":{"0":{"loc":{"start":{"line":2,"column":22},"end":{"line":4,"column":1}},"type":"binary-expr","locations":[{"start":{"line":2,"column":23},"end":{"line":2,"column":27}},{"start":{"line":2,"column":31},"end":{"line":2,"column":51}},{"start":{"line":2,"column":56},"end":{"line":4,"column":1}}],"line":2},"1":{"loc":{"start":{"line":3,"column":11},"end":{"line":3,"column":61}},"type":"cond-expr","locations":[{"start":{"line":3,"column":37},"end":{"line":3,"column":40}},{"start":{"line":3,"column":43},"end":{"line":3,"column":61}}],"line":3},"2":{"loc":{"start":{"line":3,"column":12},"end":{"line":3,"column":33}},"type":"binary-expr","locations":[{"start":{"line":3,"column":12},"end":{"line":3,"column":15}},{"start":{"line":3,"column":19},"end":{"line":3,"column":33}}],"line":3},"3":{"loc":{"start":{"line":21,"column":8},"end":{"line":24,"column":9}},"type":"if","locations":[{"start":{"line":21,"column":8},"end":{"line":24,"column":9}},{"start":{},"end":{}}],"line":21},"4":{"loc":{"start":{"line":27,"column":8},"end":{"line":31,"column":9}},"type":"if","locations":[{"start":{"line":27,"column":8},"end":{"line":31,"column":9}},{"start":{},"end":{}}],"line":27},"5":{"loc":{"start":{"line":28,"column":12},"end":{"line":30,"column":13}},"type":"if","locations":[{"start":{"line":28,"column":12},"end":{"line":30,"column":13}},{"start":{},"end":{}}],"line":28},"6":{"loc":{"start":{"line":34,"column":8},"end":{"line":40,"column":9}},"type":"if","locations":[{"start":{"line":34,"column":8},"end":{"line":40,"column":9}},{"start":{},"end":{}}],"line":34},"7":{"loc":{"start":{"line":42,"column":8},"end":{"line":44,"column":9}},"type":"if","locations":[{"start":{"line":42,"column":8},"end":{"line":44,"column":9}},{"start":{},"end":{}}],"line":42},"8":{"loc":{"start":{"line":57,"column":21},"end":{"line":57,"column":42}},"type":"default-arg","locations":[{"start":{"line":57,"column":37},"end":{"line":57,"column":42}}],"line":57},"9":{"loc":{"start":{"line":67,"column":16},"end":{"line":84,"column":17}},"type":"if","locations":[{"start":{"line":67,"column":16},"end":{"line":84,"column":17}},{"start":{},"end":{}}],"line":67},"10":{"loc":{"start":{"line":69,"column":20},"end":{"line":71,"column":21}},"type":"if","locations":[{"start":{"line":69,"column":20},"end":{"line":71,"column":21}},{"start":{},"end":{}}],"line":69},"11":{"loc":{"start":{"line":76,"column":20},"end":{"line":83,"column":21}},"type":"if","locations":[{"start":{"line":76,"column":20},"end":{"line":83,"column":21}},{"start":{"line":79,"column":25},"end":{"line":83,"column":21}}],"line":76},"12":{"loc":{"start":{"line":88,"column":12},"end":{"line":90,"column":13}},"type":"if","locations":[{"start":{"line":88,"column":12},"end":{"line":90,"column":13}},{"start":{},"end":{}}],"line":88},"13":{"loc":{"start":{"line":88,"column":16},"end":{"line":88,"column":42}},"type":"binary-expr","locations":[{"start":{"line":88,"column":16},"end":{"line":88,"column":29}},{"start":{"line":88,"column":33},"end":{"line":88,"column":42}}],"line":88},"14":{"loc":{"start":{"line":99,"column":16},"end":{"line":109,"column":17}},"type":"if","locations":[{"start":{"line":99,"column":16},"end":{"line":109,"column":17}},{"start":{},"end":{}}],"line":99},"15":{"loc":{"start":{"line":106,"column":20},"end":{"line":108,"column":21}},"type":"if","locations":[{"start":{"line":106,"column":20},"end":{"line":108,"column":21}},{"start":{},"end":{}}],"line":106},"16":{"loc":{"start":{"line":106,"column":24},"end":{"line":106,"column":77}},"type":"binary-expr","locations":[{"start":{"line":106,"column":24},"end":{"line":106,"column":50}},{"start":{"line":106,"column":54},"end":{"line":106,"column":77}}],"line":106},"17":{"loc":{"start":{"line":121,"column":16},"end":{"line":123,"column":17}},"type":"if","locations":[{"start":{"line":121,"column":16},"end":{"line":123,"column":17}},{"start":{},"end":{}}],"line":121},"18":{"loc":{"start":{"line":137,"column":8},"end":{"line":139,"column":9}},"type":"if","locations":[{"start":{"line":137,"column":8},"end":{"line":139,"column":9}},{"start":{},"end":{}}],"line":137},"19":{"loc":{"start":{"line":158,"column":12},"end":{"line":160,"column":13}},"type":"if","locations":[{"start":{"line":158,"column":12},"end":{"line":160,"column":13}},{"start":{},"end":{}}],"line":158},"20":{"loc":{"start":{"line":158,"column":16},"end":{"line":158,"column":62}},"type":"binary-expr","locations":[{"start":{"line":158,"column":16},"end":{"line":158,"column":37}},{"start":{"line":158,"column":41},"end":{"line":158,"column":62}}],"line":158},"21":{"loc":{"start":{"line":172,"column":8},"end":{"line":174,"column":9}},"type":"if","locations":[{"start":{"line":172,"column":8},"end":{"line":174,"column":9}},{"start":{},"end":{}}],"line":172}},"s":{"0":1,"1":2,"2":1,"3":1,"4":1,"5":1,"6":4,"7":4,"8":4,"9":4,"10":4,"11":4,"12":650,"13":650,"14":105,"15":105,"16":545,"17":109,"18":109,"19":545,"20":109,"21":545,"22":0,"23":545,"24":4,"25":1,"26":2,"27":2,"28":4,"29":4,"30":4,"31":4,"32":4,"33":53,"34":53,"35":115,"36":115,"37":4,"38":4,"39":4,"40":4,"41":1,"42":3,"43":3,"44":52,"45":3,"46":0,"47":115,"48":115,"49":562,"50":562,"51":2805,"52":77,"53":77,"54":77,"55":77,"56":4,"57":111,"58":2,"59":2,"60":2,"61":10,"62":10,"63":50,"64":50,"65":23,"66":2,"67":1,"68":1,"69":1,"70":0,"71":1,"72":1,"73":1,"74":1,"75":1,"76":1,"77":3,"78":3,"79":0,"80":3,"81":3,"82":5,"83":3,"84":1,"85":0,"86":1,"87":1,"88":1},"f":{"0":2,"1":4,"2":2,"3":4,"4":115,"5":2,"6":1,"7":1,"8":1,"9":1,"10":3,"11":5},"b":{"0":[1,1,1],"1":[0,2],"2":[2,2],"3":[105,545],"4":[109,436],"5":[109,0],"6":[109,436],"7":[0,545],"8":[1],"9":[4,111],"10":[4,0],"11":[1,3],"12":[3,49],"13":[52,41],"14":[77,2728],"15":[4,73],"16":[77,76],"17":[23,27],"18":[0,1],"19":[0,3],"20":[3,3],"21":[0,1]},"inputSourceMap":null,"_coverageSchema":"1a1c01bbd47fc00a2c39e90264f33305004495a9","hash":"695ed02fcb763b6b5d1557335104803bc9f9db90"}
,"D:\\Repositories\\Kryha\\Job Application\\adventofcode\\src\\dist\\day-5\\index.js": {"path":"D:\\Repositories\\Kryha\\Job Application\\adventofcode\\src\\dist\\day-5\\index.js","statementMap":{"0":{"start":{"line":2,"column":22},"end":{"line":4,"column":1}},"1":{"start":{"line":3,"column":4},"end":{"line":3,"column":62}},"2":{"start":{"line":5,"column":0},"end":{"line":5,"column":62}},"3":{"start":{"line":6,"column":0},"end":{"line":6,"column":74}},"4":{"start":{"line":7,"column":15},"end":{"line":7,"column":47}},"5":{"start":{"line":8,"column":13},"end":{"line":8,"column":43}},"6":{"start":{"line":10,"column":0},"end":{"line":16,"column":38}},"7":{"start":{"line":11,"column":4},"end":{"line":11,"column":52}},"8":{"start":{"line":12,"column":4},"end":{"line":12,"column":62}},"9":{"start":{"line":13,"column":4},"end":{"line":13,"column":58}},"10":{"start":{"line":14,"column":4},"end":{"line":14,"column":50}},"11":{"start":{"line":15,"column":4},"end":{"line":15,"column":52}},"12":{"start":{"line":18,"column":17},"end":{"line":18,"column":109}},"13":{"start":{"line":19,"column":20},"end":{"line":19,"column":22}},"14":{"start":{"line":21,"column":18},"end":{"line":21,"column":36}},"15":{"start":{"line":22,"column":4},"end":{"line":69,"column":5}},"16":{"start":{"line":22,"column":17},"end":{"line":22,"column":18}},"17":{"start":{"line":24,"column":21},"end":{"line":24,"column":49}},"18":{"start":{"line":26,"column":21},"end":{"line":26,"column":61}},"19":{"start":{"line":27,"column":20},"end":{"line":27,"column":28}},"20":{"start":{"line":28,"column":8},"end":{"line":28,"column":58}},"21":{"start":{"line":29,"column":18},"end":{"line":29,"column":26}},"22":{"start":{"line":31,"column":26},"end":{"line":31,"column":35}},"23":{"start":{"line":32,"column":8},"end":{"line":38,"column":9}},"24":{"start":{"line":33,"column":12},"end":{"line":33,"column":47}},"25":{"start":{"line":35,"column":12},"end":{"line":37,"column":13}},"26":{"start":{"line":36,"column":16},"end":{"line":36,"column":44}},"27":{"start":{"line":39,"column":8},"end":{"line":51,"column":9}},"28":{"start":{"line":41,"column":12},"end":{"line":50,"column":13}},"29":{"start":{"line":42,"column":16},"end":{"line":42,"column":48}},"30":{"start":{"line":45,"column":16},"end":{"line":45,"column":53}},"31":{"start":{"line":47,"column":16},"end":{"line":49,"column":17}},"32":{"start":{"line":48,"column":20},"end":{"line":48,"column":48}},"33":{"start":{"line":53,"column":8},"end":{"line":65,"column":9}},"34":{"start":{"line":56,"column":12},"end":{"line":58,"column":13}},"35":{"start":{"line":57,"column":16},"end":{"line":57,"column":44}},"36":{"start":{"line":59,"column":12},"end":{"line":64,"column":13}},"37":{"start":{"line":60,"column":16},"end":{"line":60,"column":47}},"38":{"start":{"line":63,"column":16},"end":{"line":63,"column":48}},"39":{"start":{"line":67,"column":19},"end":{"line":67,"column":46}},"40":{"start":{"line":68,"column":8},"end":{"line":68,"column":29}},"41":{"start":{"line":70,"column":4},"end":{"line":70,"column":21}},"42":{"start":{"line":72,"column":0},"end":{"line":72,"column":28}},"43":{"start":{"line":75,"column":8},"end":{"line":75,"column":27}},"44":{"start":{"line":77,"column":19},"end":{"line":77,"column":119}},"45":{"start":{"line":77,"column":73},"end":{"line":77,"column":115}},"46":{"start":{"line":78,"column":19},"end":{"line":78,"column":119}},"47":{"start":{"line":78,"column":73},"end":{"line":78,"column":115}},"48":{"start":{"line":80,"column":8},"end":{"line":80,"column":90}},"49":{"start":{"line":80,"column":61},"end":{"line":80,"column":88}},"50":{"start":{"line":83,"column":8},"end":{"line":128,"column":11}},"51":{"start":{"line":87,"column":12},"end":{"line":127,"column":13}},"52":{"start":{"line":89,"column":20},"end":{"line":89,"column":66}},"53":{"start":{"line":90,"column":20},"end":{"line":90,"column":26}},"54":{"start":{"line":92,"column":20},"end":{"line":92,"column":59}},"55":{"start":{"line":93,"column":20},"end":{"line":95,"column":21}},"56":{"start":{"line":93,"column":33},"end":{"line":93,"column":34}},"57":{"start":{"line":94,"column":24},"end":{"line":94,"column":74}},"58":{"start":{"line":96,"column":20},"end":{"line":96,"column":26}},"59":{"start":{"line":98,"column":20},"end":{"line":98,"column":59}},"60":{"start":{"line":99,"column":20},"end":{"line":101,"column":21}},"61":{"start":{"line":99,"column":33},"end":{"line":99,"column":34}},"62":{"start":{"line":100,"column":24},"end":{"line":100,"column":74}},"63":{"start":{"line":102,"column":20},"end":{"line":102,"column":26}},"64":{"start":{"line":104,"column":20},"end":{"line":104,"column":41}},"65":{"start":{"line":105,"column":20},"end":{"line":107,"column":21}},"66":{"start":{"line":106,"column":24},"end":{"line":106,"column":31}},"67":{"start":{"line":109,"column":20},"end":{"line":113,"column":21}},"68":{"start":{"line":110,"column":24},"end":{"line":110,"column":64}},"69":{"start":{"line":111,"column":24},"end":{"line":111,"column":39}},"70":{"start":{"line":112,"column":24},"end":{"line":112,"column":39}},"71":{"start":{"line":114,"column":20},"end":{"line":114,"column":26}},"72":{"start":{"line":116,"column":20},"end":{"line":116,"column":41}},"73":{"start":{"line":117,"column":20},"end":{"line":119,"column":21}},"74":{"start":{"line":118,"column":24},"end":{"line":118,"column":31}},"75":{"start":{"line":121,"column":20},"end":{"line":125,"column":21}},"76":{"start":{"line":122,"column":24},"end":{"line":122,"column":64}},"77":{"start":{"line":123,"column":24},"end":{"line":123,"column":39}},"78":{"start":{"line":124,"column":24},"end":{"line":124,"column":39}},"79":{"start":{"line":126,"column":20},"end":{"line":126,"column":26}},"80":{"start":{"line":131,"column":20},"end":{"line":131,"column":21}},"81":{"start":{"line":132,"column":8},"end":{"line":138,"column":9}},"82":{"start":{"line":132,"column":21},"end":{"line":132,"column":22}},"83":{"start":{"line":133,"column":12},"end":{"line":137,"column":13}},"84":{"start":{"line":133,"column":25},"end":{"line":133,"column":26}},"85":{"start":{"line":134,"column":16},"end":{"line":136,"column":17}},"86":{"start":{"line":135,"column":20},"end":{"line":135,"column":31}},"87":{"start":{"line":139,"column":8},"end":{"line":139,"column":21}},"88":{"start":{"line":145,"column":8},"end":{"line":145,"column":21}},"89":{"start":{"line":148,"column":8},"end":{"line":148,"column":35}},"90":{"start":{"line":149,"column":8},"end":{"line":149,"column":33}},"91":{"start":{"line":150,"column":8},"end":{"line":150,"column":37}},"92":{"start":{"line":154,"column":28},"end":{"line":154,"column":30}},"93":{"start":{"line":155,"column":8},"end":{"line":160,"column":11}},"94":{"start":{"line":156,"column":12},"end":{"line":158,"column":13}},"95":{"start":{"line":157,"column":16},"end":{"line":157,"column":23}},"96":{"start":{"line":159,"column":12},"end":{"line":159,"column":37}},"97":{"start":{"line":161,"column":8},"end":{"line":161,"column":35}},"98":{"start":{"line":164,"column":0},"end":{"line":164,"column":38}},"99":{"start":{"line":168,"column":8},"end":{"line":168,"column":21}},"100":{"start":{"line":171,"column":8},"end":{"line":171,"column":33}},"101":{"start":{"line":172,"column":8},"end":{"line":172,"column":37}},"102":{"start":{"line":175,"column":0},"end":{"line":175,"column":38}},"103":{"start":{"line":177,"column":0},"end":{"line":177,"column":79}}},"fnMap":{"0":{"name":"(anonymous_0)","decl":{"start":{"line":2,"column":56},"end":{"line":2,"column":57}},"loc":{"start":{"line":2,"column":71},"end":{"line":4,"column":1}},"line":2},"1":{"name":"(anonymous_1)","decl":{"start":{"line":10,"column":1},"end":{"line":10,"column":2}},"loc":{"start":{"line":10,"column":24},"end":{"line":16,"column":1}},"line":10},"2":{"name":"loadData","decl":{"start":{"line":17,"column":9},"end":{"line":17,"column":17}},"loc":{"start":{"line":17,"column":28},"end":{"line":71,"column":1}},"line":17},"3":{"name":"(anonymous_3)","decl":{"start":{"line":74,"column":4},"end":{"line":74,"column":5}},"loc":{"start":{"line":74,"column":23},"end":{"line":81,"column":5}},"line":74},"4":{"name":"(anonymous_4)","decl":{"start":{"line":77,"column":55},"end":{"line":77,"column":56}},"loc":{"start":{"line":77,"column":71},"end":{"line":77,"column":117}},"line":77},"5":{"name":"(anonymous_5)","decl":{"start":{"line":78,"column":55},"end":{"line":78,"column":56}},"loc":{"start":{"line":78,"column":71},"end":{"line":78,"column":117}},"line":78},"6":{"name":"(anonymous_6)","decl":{"start":{"line":80,"column":55},"end":{"line":80,"column":56}},"loc":{"start":{"line":80,"column":61},"end":{"line":80,"column":88}},"line":80},"7":{"name":"(anonymous_7)","decl":{"start":{"line":82,"column":4},"end":{"line":82,"column":5}},"loc":{"start":{"line":82,"column":24},"end":{"line":129,"column":5}},"line":82},"8":{"name":"(anonymous_8)","decl":{"start":{"line":83,"column":27},"end":{"line":83,"column":28}},"loc":{"start":{"line":83,"column":35},"end":{"line":128,"column":9}},"line":83},"9":{"name":"(anonymous_9)","decl":{"start":{"line":130,"column":4},"end":{"line":130,"column":5}},"loc":{"start":{"line":130,"column":21},"end":{"line":140,"column":5}},"line":130},"10":{"name":"(anonymous_10)","decl":{"start":{"line":144,"column":4},"end":{"line":144,"column":5}},"loc":{"start":{"line":144,"column":23},"end":{"line":146,"column":5}},"line":144},"11":{"name":"(anonymous_11)","decl":{"start":{"line":147,"column":4},"end":{"line":147,"column":5}},"loc":{"start":{"line":147,"column":12},"end":{"line":152,"column":5}},"line":147},"12":{"name":"(anonymous_12)","decl":{"start":{"line":153,"column":4},"end":{"line":153,"column":5}},"loc":{"start":{"line":153,"column":26},"end":{"line":162,"column":5}},"line":153},"13":{"name":"(anonymous_13)","decl":{"start":{"line":155,"column":27},"end":{"line":155,"column":28}},"loc":{"start":{"line":155,"column":35},"end":{"line":160,"column":9}},"line":155},"14":{"name":"(anonymous_14)","decl":{"start":{"line":167,"column":4},"end":{"line":167,"column":5}},"loc":{"start":{"line":167,"column":23},"end":{"line":169,"column":5}},"line":167},"15":{"name":"(anonymous_15)","decl":{"start":{"line":170,"column":4},"end":{"line":170,"column":5}},"loc":{"start":{"line":170,"column":12},"end":{"line":173,"column":5}},"line":170}},"branchMap":{"0":{"loc":{"start":{"line":2,"column":22},"end":{"line":4,"column":1}},"type":"binary-expr","locations":[{"start":{"line":2,"column":23},"end":{"line":2,"column":27}},{"start":{"line":2,"column":31},"end":{"line":2,"column":51}},{"start":{"line":2,"column":56},"end":{"line":4,"column":1}}],"line":2},"1":{"loc":{"start":{"line":3,"column":11},"end":{"line":3,"column":61}},"type":"cond-expr","locations":[{"start":{"line":3,"column":37},"end":{"line":3,"column":40}},{"start":{"line":3,"column":43},"end":{"line":3,"column":61}}],"line":3},"2":{"loc":{"start":{"line":3,"column":12},"end":{"line":3,"column":33}},"type":"binary-expr","locations":[{"start":{"line":3,"column":12},"end":{"line":3,"column":15}},{"start":{"line":3,"column":19},"end":{"line":3,"column":33}}],"line":3},"3":{"loc":{"start":{"line":16,"column":3},"end":{"line":16,"column":36}},"type":"binary-expr","locations":[{"start":{"line":16,"column":3},"end":{"line":16,"column":14}},{"start":{"line":16,"column":19},"end":{"line":16,"column":35}}],"line":16},"4":{"loc":{"start":{"line":32,"column":8},"end":{"line":38,"column":9}},"type":"if","locations":[{"start":{"line":32,"column":8},"end":{"line":38,"column":9}},{"start":{},"end":{}}],"line":32},"5":{"loc":{"start":{"line":35,"column":12},"end":{"line":37,"column":13}},"type":"if","locations":[{"start":{"line":35,"column":12},"end":{"line":37,"column":13}},{"start":{},"end":{}}],"line":35},"6":{"loc":{"start":{"line":39,"column":8},"end":{"line":51,"column":9}},"type":"if","locations":[{"start":{"line":39,"column":8},"end":{"line":51,"column":9}},{"start":{},"end":{}}],"line":39},"7":{"loc":{"start":{"line":41,"column":12},"end":{"line":50,"column":13}},"type":"if","locations":[{"start":{"line":41,"column":12},"end":{"line":50,"column":13}},{"start":{"line":44,"column":17},"end":{"line":50,"column":13}}],"line":41},"8":{"loc":{"start":{"line":47,"column":16},"end":{"line":49,"column":17}},"type":"if","locations":[{"start":{"line":47,"column":16},"end":{"line":49,"column":17}},{"start":{},"end":{}}],"line":47},"9":{"loc":{"start":{"line":53,"column":8},"end":{"line":65,"column":9}},"type":"if","locations":[{"start":{"line":53,"column":8},"end":{"line":65,"column":9}},{"start":{},"end":{}}],"line":53},"10":{"loc":{"start":{"line":56,"column":12},"end":{"line":58,"column":13}},"type":"if","locations":[{"start":{"line":56,"column":12},"end":{"line":58,"column":13}},{"start":{},"end":{}}],"line":56},"11":{"loc":{"start":{"line":59,"column":12},"end":{"line":64,"column":13}},"type":"if","locations":[{"start":{"line":59,"column":12},"end":{"line":64,"column":13}},{"start":{"line":62,"column":17},"end":{"line":64,"column":13}}],"line":59},"12":{"loc":{"start":{"line":87,"column":12},"end":{"line":127,"column":13}},"type":"switch","locations":[{"start":{"line":88,"column":16},"end":{"line":90,"column":26}},{"start":{"line":91,"column":16},"end":{"line":96,"column":26}},{"start":{"line":97,"column":16},"end":{"line":102,"column":26}},{"start":{"line":103,"column":16},"end":{"line":114,"column":26}},{"start":{"line":115,"column":16},"end":{"line":126,"column":26}}],"line":87},"13":{"loc":{"start":{"line":105,"column":20},"end":{"line":107,"column":21}},"type":"if","locations":[{"start":{"line":105,"column":20},"end":{"line":107,"column":21}},{"start":{},"end":{}}],"line":105},"14":{"loc":{"start":{"line":109,"column":27},"end":{"line":109,"column":85}},"type":"binary-expr","locations":[{"start":{"line":109,"column":27},"end":{"line":109,"column":54}},{"start":{"line":109,"column":58},"end":{"line":109,"column":85}}],"line":109},"15":{"loc":{"start":{"line":117,"column":20},"end":{"line":119,"column":21}},"type":"if","locations":[{"start":{"line":117,"column":20},"end":{"line":119,"column":21}},{"start":{},"end":{}}],"line":117},"16":{"loc":{"start":{"line":121,"column":27},"end":{"line":121,"column":85}},"type":"binary-expr","locations":[{"start":{"line":121,"column":27},"end":{"line":121,"column":54}},{"start":{"line":121,"column":58},"end":{"line":121,"column":85}}],"line":121},"17":{"loc":{"start":{"line":134,"column":16},"end":{"line":136,"column":17}},"type":"if","locations":[{"start":{"line":134,"column":16},"end":{"line":136,"column":17}},{"start":{},"end":{}}],"line":134},"18":{"loc":{"start":{"line":156,"column":12},"end":{"line":158,"column":13}},"type":"if","locations":[{"start":{"line":156,"column":12},"end":{"line":158,"column":13}},{"start":{},"end":{}}],"line":156},"19":{"loc":{"start":{"line":156,"column":16},"end":{"line":156,"column":95}},"type":"binary-expr","locations":[{"start":{"line":156,"column":16},"end":{"line":156,"column":53}},{"start":{"line":156,"column":57},"end":{"line":156,"column":95}}],"line":156}},"s":{"0":1,"1":2,"2":1,"3":1,"4":1,"5":1,"6":1,"7":1,"8":1,"9":1,"10":1,"11":1,"12":3,"13":3,"14":3,"15":3,"16":3,"17":30,"18":30,"19":30,"20":30,"21":30,"22":30,"23":30,"24":6,"25":6,"26":3,"27":30,"28":12,"29":0,"30":12,"31":12,"32":6,"33":30,"34":12,"35":6,"36":12,"37":6,"38":6,"39":30,"40":30,"41":3,"42":1,"43":2,"44":2,"45":20,"46":2,"47":20,"48":2,"49":20,"50":2,"51":16,"52":0,"53":0,"54":8,"55":8,"56":8,"57":38,"58":8,"59":4,"60":4,"61":4,"62":14,"63":4,"64":2,"65":2,"66":0,"67":2,"68":13,"69":13,"70":13,"71":2,"72":2,"73":2,"74":0,"75":2,"76":14,"77":14,"78":14,"79":2,"80":2,"81":2,"82":2,"83":20,"84":20,"85":200,"86":17,"87":2,"88":1,"89":1,"90":1,"91":1,"92":1,"93":1,"94":10,"95":4,"96":6,"97":1,"98":1,"99":1,"100":1,"101":1,"102":1,"103":1},"f":{"0":2,"1":1,"2":3,"3":2,"4":20,"5":20,"6":20,"7":2,"8":16,"9":2,"10":1,"11":1,"12":1,"13":10,"14":1,"15":1},"b":{"0":[1,1,1],"1":[0,2],"2":[2,2],"3":[1,1],"4":[6,24],"5":[3,3],"6":[12,18],"7":[0,12],"8":[6,6],"9":[12,18],"10":[6,6],"11":[6,6],"12":[0,8,4,2,2],"13":[0,2],"14":[15,13],"15":[0,2],"16":[16,14],"17":[17,183],"18":[4,6],"19":[10,8]},"inputSourceMap":null,"_coverageSchema":"1a1c01bbd47fc00a2c39e90264f33305004495a9","hash":"3d2f95eb8d7ef683a3e835c1be7770bcb2f22a07"}
,"D:\\Repositories\\Kryha\\Job Application\\adventofcode\\src\\dist\\day-6\\index.js": {"path":"D:\\Repositories\\Kryha\\Job Application\\adventofcode\\src\\dist\\day-6\\index.js","statementMap":{"0":{"start":{"line":2,"column":22},"end":{"line":4,"column":1}},"1":{"start":{"line":3,"column":4},"end":{"line":3,"column":62}},"2":{"start":{"line":5,"column":0},"end":{"line":5,"column":62}},"3":{"start":{"line":6,"column":0},"end":{"line":6,"column":74}},"4":{"start":{"line":7,"column":15},"end":{"line":7,"column":47}},"5":{"start":{"line":8,"column":13},"end":{"line":8,"column":43}},"6":{"start":{"line":10,"column":19},"end":{"line":10,"column":124}},"7":{"start":{"line":11,"column":22},"end":{"line":11,"column":24}},"8":{"start":{"line":13,"column":4},"end":{"line":15,"column":5}},"9":{"start":{"line":13,"column":17},"end":{"line":13,"column":18}},"10":{"start":{"line":14,"column":8},"end":{"line":14,"column":54}},"11":{"start":{"line":17,"column":4},"end":{"line":19,"column":7}},"12":{"start":{"line":18,"column":8},"end":{"line":18,"column":42}},"13":{"start":{"line":20,"column":4},"end":{"line":20,"column":23}},"14":{"start":{"line":22,"column":0},"end":{"line":22,"column":28}},"15":{"start":{"line":25,"column":8},"end":{"line":25,"column":29}},"16":{"start":{"line":26,"column":8},"end":{"line":26,"column":39}},"17":{"start":{"line":29,"column":20},"end":{"line":29,"column":21}},"18":{"start":{"line":30,"column":19},"end":{"line":30,"column":20}},"19":{"start":{"line":31,"column":8},"end":{"line":34,"column":9}},"20":{"start":{"line":32,"column":12},"end":{"line":32,"column":24}},"21":{"start":{"line":33,"column":12},"end":{"line":33,"column":19}},"22":{"start":{"line":35,"column":8},"end":{"line":37,"column":11}},"23":{"start":{"line":36,"column":12},"end":{"line":36,"column":36}},"24":{"start":{"line":38,"column":8},"end":{"line":38,"column":21}},"25":{"start":{"line":42,"column":8},"end":{"line":44,"column":11}},"26":{"start":{"line":43,"column":12},"end":{"line":43,"column":34}},"27":{"start":{"line":45,"column":25},"end":{"line":45,"column":49}},"28":{"start":{"line":46,"column":8},"end":{"line":50,"column":9}},"29":{"start":{"line":47,"column":12},"end":{"line":47,"column":33}},"30":{"start":{"line":48,"column":12},"end":{"line":48,"column":68}},"31":{"start":{"line":49,"column":12},"end":{"line":49,"column":46}},"32":{"start":{"line":56,"column":8},"end":{"line":56,"column":27}},"33":{"start":{"line":57,"column":8},"end":{"line":57,"column":30}},"34":{"start":{"line":60,"column":0},"end":{"line":60,"column":38}},"35":{"start":{"line":64,"column":8},"end":{"line":64,"column":27}},"36":{"start":{"line":65,"column":8},"end":{"line":65,"column":31}},"37":{"start":{"line":68,"column":0},"end":{"line":68,"column":38}},"38":{"start":{"line":70,"column":0},"end":{"line":70,"column":79}}},"fnMap":{"0":{"name":"(anonymous_0)","decl":{"start":{"line":2,"column":56},"end":{"line":2,"column":57}},"loc":{"start":{"line":2,"column":71},"end":{"line":4,"column":1}},"line":2},"1":{"name":"loadData","decl":{"start":{"line":9,"column":9},"end":{"line":9,"column":17}},"loc":{"start":{"line":9,"column":28},"end":{"line":21,"column":1}},"line":9},"2":{"name":"(anonymous_2)","decl":{"start":{"line":17,"column":19},"end":{"line":17,"column":20}},"loc":{"start":{"line":17,"column":27},"end":{"line":19,"column":5}},"line":17},"3":{"name":"(anonymous_3)","decl":{"start":{"line":24,"column":4},"end":{"line":24,"column":5}},"loc":{"start":{"line":24,"column":29},"end":{"line":27,"column":5}},"line":24},"4":{"name":"(anonymous_4)","decl":{"start":{"line":28,"column":4},"end":{"line":28,"column":5}},"loc":{"start":{"line":28,"column":12},"end":{"line":39,"column":5}},"line":28},"5":{"name":"(anonymous_5)","decl":{"start":{"line":35,"column":33},"end":{"line":35,"column":34}},"loc":{"start":{"line":35,"column":40},"end":{"line":37,"column":9}},"line":35},"6":{"name":"(anonymous_6)","decl":{"start":{"line":40,"column":4},"end":{"line":40,"column":5}},"loc":{"start":{"line":40,"column":11},"end":{"line":51,"column":5}},"line":40},"7":{"name":"(anonymous_7)","decl":{"start":{"line":42,"column":33},"end":{"line":42,"column":34}},"loc":{"start":{"line":42,"column":49},"end":{"line":44,"column":9}},"line":42},"8":{"name":"(anonymous_8)","decl":{"start":{"line":55,"column":4},"end":{"line":55,"column":5}},"loc":{"start":{"line":55,"column":29},"end":{"line":58,"column":5}},"line":55},"9":{"name":"(anonymous_9)","decl":{"start":{"line":63,"column":4},"end":{"line":63,"column":5}},"loc":{"start":{"line":63,"column":29},"end":{"line":66,"column":5}},"line":63}},"branchMap":{"0":{"loc":{"start":{"line":2,"column":22},"end":{"line":4,"column":1}},"type":"binary-expr","locations":[{"start":{"line":2,"column":23},"end":{"line":2,"column":27}},{"start":{"line":2,"column":31},"end":{"line":2,"column":51}},{"start":{"line":2,"column":56},"end":{"line":4,"column":1}}],"line":2},"1":{"loc":{"start":{"line":3,"column":11},"end":{"line":3,"column":61}},"type":"cond-expr","locations":[{"start":{"line":3,"column":37},"end":{"line":3,"column":40}},{"start":{"line":3,"column":43},"end":{"line":3,"column":61}}],"line":3},"2":{"loc":{"start":{"line":3,"column":12},"end":{"line":3,"column":33}},"type":"binary-expr","locations":[{"start":{"line":3,"column":12},"end":{"line":3,"column":15}},{"start":{"line":3,"column":19},"end":{"line":3,"column":33}}],"line":3},"3":{"loc":{"start":{"line":46,"column":8},"end":{"line":50,"column":9}},"type":"if","locations":[{"start":{"line":46,"column":8},"end":{"line":50,"column":9}},{"start":{},"end":{}}],"line":46}},"s":{"0":1,"1":2,"2":1,"3":1,"4":1,"5":1,"6":2,"7":2,"8":2,"9":2,"10":18,"11":2,"12":10,"13":2,"14":1,"15":2,"16":2,"17":2,"18":2,"19":2,"20":336,"21":336,"22":2,"23":18,"24":2,"25":336,"26":3024,"27":336,"28":336,"29":336,"30":336,"31":336,"32":1,"33":1,"34":1,"35":1,"36":1,"37":1,"38":1},"f":{"0":2,"1":2,"2":10,"3":2,"4":2,"5":18,"6":336,"7":3024,"8":1,"9":1},"b":{"0":[1,1,1],"1":[0,2],"2":[2,2],"3":[336,0]},"inputSourceMap":null,"_coverageSchema":"1a1c01bbd47fc00a2c39e90264f33305004495a9","hash":"6a7299b50d5d3157cd1eccd068d71e8385cc7bed"}
}
