{"D:\\Repositories\\Kryha\\Job Application\\adventofcode\\src\\bin\\app.ts": {"path":"D:\\Repositories\\Kryha\\Job Application\\adventofcode\\src\\bin\\app.ts","statementMap":{"0":{"start":{"line":6,"column":4},"end":{"line":6,"column":26}},"1":{"start":{"line":5,"column":0},"end":{"line":5,"column":16}},"2":{"start":{"line":9,"column":0},"end":{"line":9,"column":13}}},"fnMap":{"0":{"name":"helloWorld","decl":{"start":{"line":5,"column":16},"end":{"line":5,"column":26}},"loc":{"start":{"line":5,"column":26},"end":{"line":7,"column":1}}}},"branchMap":{},"s":{"0":2,"1":1,"2":1},"f":{"0":2},"b":{}}
,"D:\\Repositories\\Kryha\\Job Application\\adventofcode\\src\\bin\\day-4\\index.ts": {"path":"D:\\Repositories\\Kryha\\Job Application\\adventofcode\\src\\bin\\day-4\\index.ts","statementMap":{"0":{"start":{"line":1,"column":0},"end":{"line":1,"column":24}},"1":{"start":{"line":2,"column":0},"end":{"line":2,"column":20}},"2":{"start":{"line":14,"column":17},"end":{"line":14,"column":89}},"3":{"start":{"line":15,"column":26},"end":{"line":15,"column":28}},"4":{"start":{"line":18,"column":18},"end":{"line":18,"column":36}},"5":{"start":{"line":19,"column":20},"end":{"line":19,"column":21}},"6":{"start":{"line":22,"column":4},"end":{"line":53,"column":null}},"7":{"start":{"line":22,"column":17},"end":{"line":22,"column":18}},"8":{"start":{"line":23,"column":8},"end":{"line":23,"column":20}},"9":{"start":{"line":26,"column":8},"end":{"line":29,"column":null}},"10":{"start":{"line":27,"column":12},"end":{"line":27,"column":26}},"11":{"start":{"line":28,"column":12},"end":{"line":28,"column":21}},"12":{"start":{"line":32,"column":8},"end":{"line":36,"column":null}},"13":{"start":{"line":33,"column":12},"end":{"line":35,"column":null}},"14":{"start":{"line":34,"column":16},"end":{"line":34,"column":35}},"15":{"start":{"line":39,"column":8},"end":{"line":45,"column":null}},"16":{"start":{"line":40,"column":12},"end":{"line":44,"column":null}},"17":{"start":{"line":47,"column":8},"end":{"line":49,"column":null}},"18":{"start":{"line":48,"column":12},"end":{"line":48,"column":21}},"19":{"start":{"line":52,"column":8},"end":{"line":52,"column":81}},"20":{"start":{"line":55,"column":4},"end":{"line":55,"column":18}},"21":{"start":{"line":13,"column":0},"end":{"line":13,"column":16}},"22":{"start":{"line":64,"column":8},"end":{"line":64,"column":29}},"23":{"start":{"line":65,"column":8},"end":{"line":65,"column":43}},"24":{"start":{"line":69,"column":21},"end":{"line":69,"column":44}},"25":{"start":{"line":71,"column":8},"end":{"line":73,"column":null}},"26":{"start":{"line":72,"column":12},"end":{"line":72,"column":21}},"27":{"start":{"line":75,"column":8},"end":{"line":75,"column":43}},"28":{"start":{"line":80,"column":8},"end":{"line":90,"column":null}},"29":{"start":{"line":80,"column":29},"end":{"line":80,"column":30}},"30":{"start":{"line":82,"column":12},"end":{"line":89,"column":null}},"31":{"start":{"line":82,"column":32},"end":{"line":82,"column":33}},"32":{"start":{"line":83,"column":31},"end":{"line":83,"column":107}},"33":{"start":{"line":85,"column":16},"end":{"line":88,"column":null}},"34":{"start":{"line":86,"column":20},"end":{"line":86,"column":74}},"35":{"start":{"line":87,"column":20},"end":{"line":87,"column":49}},"36":{"start":{"line":92,"column":8},"end":{"line":92,"column":25}},"37":{"start":{"line":97,"column":8},"end":{"line":112,"column":null}},"38":{"start":{"line":97,"column":21},"end":{"line":97,"column":22}},"39":{"start":{"line":98,"column":12},"end":{"line":111,"column":null}},"40":{"start":{"line":98,"column":25},"end":{"line":98,"column":26}},"41":{"start":{"line":100,"column":16},"end":{"line":110,"column":null}},"42":{"start":{"line":103,"column":20},"end":{"line":103,"column":45}},"43":{"start":{"line":104,"column":20},"end":{"line":104,"column":43}},"44":{"start":{"line":105,"column":20},"end":{"line":105,"column":46}},"45":{"start":{"line":107,"column":20},"end":{"line":109,"column":null}},"46":{"start":{"line":108,"column":24},"end":{"line":108,"column":36}},"47":{"start":{"line":114,"column":8},"end":{"line":114,"column":21}},"48":{"start":{"line":118,"column":28},"end":{"line":118,"column":29}},"49":{"start":{"line":120,"column":8},"end":{"line":128,"column":null}},"50":{"start":{"line":120,"column":21},"end":{"line":120,"column":22}},"51":{"start":{"line":121,"column":12},"end":{"line":127,"column":null}},"52":{"start":{"line":121,"column":25},"end":{"line":121,"column":26}},"53":{"start":{"line":122,"column":26},"end":{"line":122,"column":45}},"54":{"start":{"line":124,"column":16},"end":{"line":126,"column":null}},"55":{"start":{"line":125,"column":20},"end":{"line":125,"column":33}},"56":{"start":{"line":130,"column":8},"end":{"line":130,"column":46}},"57":{"start":{"line":58,"column":0},"end":{"line":58,"column":13}},"58":{"start":{"line":139,"column":4},"end":{"line":139,"column":13}},"59":{"start":{"line":138,"column":0},"end":{"line":138,"column":16}}},"fnMap":{"0":{"name":"loadBoards","decl":{"start":{"line":13,"column":16},"end":{"line":13,"column":26}},"loc":{"start":{"line":13,"column":43},"end":{"line":56,"column":1}}},"1":{"name":"(anonymous_2)","decl":{"start":{"line":63,"column":4},"end":{"line":63,"column":16}},"loc":{"start":{"line":63,"column":56},"end":{"line":66,"column":5}}},"2":{"name":"(anonymous_3)","decl":{"start":{"line":68,"column":11},"end":{"line":68,"column":16}},"loc":{"start":{"line":68,"column":16},"end":{"line":76,"column":5}}},"3":{"name":"(anonymous_4)","decl":{"start":{"line":78,"column":12},"end":{"line":78,"column":28}},"loc":{"start":{"line":78,"column":28},"end":{"line":93,"column":5}}},"4":{"name":"(anonymous_5)","decl":{"start":{"line":95,"column":12},"end":{"line":95,"column":29}},"loc":{"start":{"line":95,"column":58},"end":{"line":115,"column":5}}},"5":{"name":"(anonymous_6)","decl":{"start":{"line":117,"column":12},"end":{"line":117,"column":26}},"loc":{"start":{"line":117,"column":39},"end":{"line":131,"column":5}}},"6":{"name":"solvePartTwo","decl":{"start":{"line":138,"column":16},"end":{"line":138,"column":28}},"loc":{"start":{"line":138,"column":69},"end":{"line":140,"column":1}}}},"branchMap":{"0":{"loc":{"start":{"line":26,"column":8},"end":{"line":29,"column":null}},"type":"if","locations":[{"start":{"line":26,"column":8},"end":{"line":29,"column":null}}]},"1":{"loc":{"start":{"line":32,"column":8},"end":{"line":36,"column":null}},"type":"if","locations":[{"start":{"line":32,"column":8},"end":{"line":36,"column":null}}]},"2":{"loc":{"start":{"line":33,"column":12},"end":{"line":35,"column":null}},"type":"if","locations":[{"start":{"line":33,"column":12},"end":{"line":35,"column":null}}]},"3":{"loc":{"start":{"line":39,"column":8},"end":{"line":45,"column":null}},"type":"if","locations":[{"start":{"line":39,"column":8},"end":{"line":45,"column":null}}]},"4":{"loc":{"start":{"line":47,"column":8},"end":{"line":49,"column":null}},"type":"if","locations":[{"start":{"line":47,"column":8},"end":{"line":49,"column":null}}]},"5":{"loc":{"start":{"line":71,"column":8},"end":{"line":73,"column":null}},"type":"if","locations":[{"start":{"line":71,"column":8},"end":{"line":73,"column":null}}]},"6":{"loc":{"start":{"line":85,"column":16},"end":{"line":88,"column":null}},"type":"if","locations":[{"start":{"line":85,"column":16},"end":{"line":88,"column":null}}]},"7":{"loc":{"start":{"line":100,"column":16},"end":{"line":110,"column":null}},"type":"if","locations":[{"start":{"line":100,"column":16},"end":{"line":110,"column":null}}]},"8":{"loc":{"start":{"line":107,"column":20},"end":{"line":109,"column":null}},"type":"if","locations":[{"start":{"line":107,"column":20},"end":{"line":109,"column":null}}]},"9":{"loc":{"start":{"line":107,"column":24},"end":{"line":107,"column":77}},"type":"binary-expr","locations":[{"start":{"line":107,"column":24},"end":{"line":107,"column":50}},{"start":{"line":107,"column":54},"end":{"line":107,"column":77}}]},"10":{"loc":{"start":{"line":124,"column":16},"end":{"line":126,"column":null}},"type":"if","locations":[{"start":{"line":124,"column":16},"end":{"line":126,"column":null}}]}},"s":{"0":1,"1":1,"2":3,"3":3,"4":3,"5":3,"6":3,"7":3,"8":633,"9":633,"10":103,"11":103,"12":530,"13":106,"14":106,"15":530,"16":106,"17":530,"18":0,"19":530,"20":3,"21":1,"22":1,"23":1,"24":1,"25":1,"26":0,"27":1,"28":1,"29":1,"30":12,"31":12,"32":36,"33":36,"34":1,"35":1,"36":0,"37":36,"38":36,"39":176,"40":176,"41":879,"42":36,"43":36,"44":36,"45":36,"46":1,"47":35,"48":1,"49":1,"50":1,"51":5,"52":5,"53":25,"54":25,"55":13,"56":1,"57":1,"58":0,"59":1},"f":{"0":3,"1":1,"2":1,"3":1,"4":36,"5":1,"6":0},"b":{"0":[103],"1":[106],"2":[106],"3":[106],"4":[0],"5":[0],"6":[1],"7":[36],"8":[1],"9":[36,36],"10":[13]}}
,"D:\\Repositories\\Kryha\\Job Application\\adventofcode\\src\\dist\\app.js": {"path":"D:\\Repositories\\Kryha\\Job Application\\adventofcode\\src\\dist\\app.js","statementMap":{"0":{"start":{"line":2,"column":0},"end":{"line":2,"column":62}},"1":{"start":{"line":3,"column":0},"end":{"line":3,"column":28}},"2":{"start":{"line":6,"column":4},"end":{"line":6,"column":26}},"3":{"start":{"line":8,"column":0},"end":{"line":8,"column":32}},"4":{"start":{"line":9,"column":0},"end":{"line":9,"column":13}}},"fnMap":{"0":{"name":"helloWorld","decl":{"start":{"line":4,"column":9},"end":{"line":4,"column":19}},"loc":{"start":{"line":4,"column":22},"end":{"line":7,"column":1}},"line":4}},"branchMap":{},"s":{"0":1,"1":1,"2":2,"3":1,"4":1},"f":{"0":2},"b":{},"inputSourceMap":null,"_coverageSchema":"1a1c01bbd47fc00a2c39e90264f33305004495a9","hash":"5aa535710fb1d27807a517d5fdd3c273609a594c"}
}
