TN:
SF:bin\day-4\index.ts
FN:13,loadBoards
FN:63,(anonymous_2)
FN:70,(anonymous_3)
FN:109,(anonymous_4)
FN:131,(anonymous_5)
FN:151,(anonymous_6)
FN:155,(anonymous_7)
FN:169,(anonymous_8)
FN:173,(anonymous_9)
FN:188,(anonymous_10)
FN:190,(anonymous_11)
FNF:11
FNH:11
FNDA:4,loadBoards
FNDA:2,(anonymous_2)
FNDA:4,(anonymous_3)
FNDA:115,(anonymous_4)
FNDA:2,(anonymous_5)
FNDA:1,(anonymous_6)
FNDA:1,(anonymous_7)
FNDA:1,(anonymous_8)
FNDA:1,(anonymous_9)
FNDA:3,(anonymous_10)
FNDA:5,(anonymous_11)
DA:1,1
DA:2,1
DA:13,1
DA:14,4
DA:15,4
DA:18,4
DA:19,4
DA:22,4
DA:23,650
DA:26,650
DA:27,105
DA:28,105
DA:32,545
DA:33,109
DA:34,109
DA:39,545
DA:40,109
DA:47,545
DA:48,0
DA:52,545
DA:55,4
DA:64,2
DA:65,2
DA:71,4
DA:72,4
DA:73,4
DA:75,4
DA:77,53
DA:79,115
DA:81,115
DA:83,4
DA:84,4
DA:86,4
DA:90,4
DA:91,1
DA:94,3
DA:95,3
DA:101,52
DA:102,3
DA:106,0
DA:111,115
DA:112,562
DA:114,2805
DA:117,77
DA:118,77
DA:119,77
DA:121,77
DA:122,4
DA:128,111
DA:132,2
DA:134,2
DA:135,10
DA:136,50
DA:138,50
DA:139,23
DA:144,2
DA:149,1
DA:152,1
DA:156,1
DA:158,1
DA:159,0
DA:162,1
DA:167,1
DA:170,1
DA:175,1
DA:176,1
DA:179,1
DA:180,3
DA:183,3
DA:184,0
DA:188,3
DA:190,3
DA:193,5
DA:195,3
DA:198,1
DA:199,0
DA:202,1
DA:207,1
LF:78
LH:73
BRDA:26,0,0,105
BRDA:32,1,0,109
BRDA:33,2,0,109
BRDA:39,3,0,109
BRDA:47,4,0,0
BRDA:70,5,0,1
BRDA:81,6,0,4
BRDA:83,7,0,4
BRDA:90,8,0,1
BRDA:90,8,1,3
BRDA:101,9,0,3
BRDA:101,10,0,52
BRDA:101,10,1,41
BRDA:114,11,0,77
BRDA:121,12,0,4
BRDA:121,13,0,77
BRDA:121,13,1,76
BRDA:138,14,0,23
BRDA:158,15,0,0
BRDA:183,16,0,0
BRDA:183,17,0,3
BRDA:183,17,1,3
BRDA:198,18,0,0
BRF:23
BRH:19
end_of_record
TN:
SF:dist\day-4\index.js
FN:2,(anonymous_0)
FN:10,loadBoards
FN:54,(anonymous_2)
FN:58,(anonymous_3)
FN:67,(anonymous_4)
FN:81,(anonymous_5)
FN:101,(anonymous_6)
FN:119,(anonymous_7)
FN:123,(anonymous_8)
FNF:9
FNH:7
FNDA:2,(anonymous_0)
FNDA:3,loadBoards
FNDA:1,(anonymous_2)
FNDA:1,(anonymous_3)
FNDA:1,(anonymous_4)
FNDA:36,(anonymous_5)
FNDA:1,(anonymous_6)
FNDA:0,(anonymous_7)
FNDA:0,(anonymous_8)
DA:2,1
DA:3,2
DA:5,1
DA:6,1
DA:7,1
DA:8,1
DA:11,3
DA:12,3
DA:14,3
DA:15,3
DA:17,3
DA:18,633
DA:21,633
DA:22,103
DA:23,103
DA:27,530
DA:28,106
DA:29,106
DA:34,530
DA:35,106
DA:42,530
DA:43,0
DA:47,530
DA:49,3
DA:51,1
DA:55,1
DA:56,1
DA:59,1
DA:60,1
DA:62,1
DA:63,0
DA:65,1
DA:69,1
DA:71,12
DA:72,36
DA:73,36
DA:74,1
DA:75,1
DA:79,0
DA:83,36
DA:84,176
DA:86,879
DA:89,36
DA:90,36
DA:91,36
DA:93,36
DA:94,1
DA:99,35
DA:102,1
DA:104,1
DA:105,5
DA:106,25
DA:108,25
DA:109,13
DA:113,1
DA:116,1
DA:120,0
DA:121,0
DA:124,0
DA:127,1
DA:129,1
LF:61
LH:55
BRDA:2,0,0,1
BRDA:2,0,1,1
BRDA:2,0,2,1
BRDA:3,1,0,0
BRDA:3,1,1,2
BRDA:3,2,0,2
BRDA:3,2,1,2
BRDA:21,3,0,103
BRDA:21,3,1,530
BRDA:27,4,0,106
BRDA:27,4,1,424
BRDA:28,5,0,106
BRDA:28,5,1,0
BRDA:34,6,0,106
BRDA:34,6,1,424
BRDA:42,7,0,0
BRDA:42,7,1,530
BRDA:62,8,0,0
BRDA:62,8,1,1
BRDA:73,9,0,1
BRDA:73,9,1,35
BRDA:86,10,0,36
BRDA:86,10,1,843
BRDA:93,11,0,1
BRDA:93,11,1,35
BRDA:93,12,0,36
BRDA:93,12,1,36
BRDA:108,13,0,13
BRDA:108,13,1,12
BRF:29
BRH:25
end_of_record
