TN:
SF:bin\app.ts
FN:5,helloWorld
FNF:1
FNH:1
FNDA:2,helloWorld
DA:5,1
DA:6,2
DA:9,1
LF:3
LH:3
BRF:0
BRH:0
end_of_record
TN:
SF:bin\day-4\index.ts
FN:13,loadBoards
FN:63,(anonymous_2)
FN:68,(anonymous_3)
FN:78,(anonymous_4)
FN:95,(anonymous_5)
FN:117,(anonymous_6)
FN:138,solvePartTwo
FNF:7
FNH:6
FNDA:3,loadBoards
FNDA:1,(anonymous_2)
FNDA:1,(anonymous_3)
FNDA:1,(anonymous_4)
FNDA:36,(anonymous_5)
FNDA:1,(anonymous_6)
FNDA:0,solvePartTwo
DA:1,1
DA:2,1
DA:13,1
DA:14,3
DA:15,3
DA:18,3
DA:19,3
DA:22,3
DA:23,633
DA:26,633
DA:27,103
DA:28,103
DA:32,530
DA:33,106
DA:34,106
DA:39,530
DA:40,106
DA:47,530
DA:48,0
DA:52,530
DA:55,3
DA:58,1
DA:64,1
DA:65,1
DA:69,1
DA:71,1
DA:72,0
DA:75,1
DA:80,1
DA:82,12
DA:83,36
DA:85,36
DA:86,1
DA:87,1
DA:92,0
DA:97,36
DA:98,176
DA:100,879
DA:103,36
DA:104,36
DA:105,36
DA:107,36
DA:108,1
DA:114,35
DA:118,1
DA:120,1
DA:121,5
DA:122,25
DA:124,25
DA:125,13
DA:130,1
DA:138,1
DA:139,0
LF:53
LH:49
BRDA:26,0,0,103
BRDA:32,1,0,106
BRDA:33,2,0,106
BRDA:39,3,0,106
BRDA:47,4,0,0
BRDA:71,5,0,0
BRDA:85,6,0,1
BRDA:100,7,0,36
BRDA:107,8,0,1
BRDA:107,9,0,36
BRDA:107,9,1,36
BRDA:124,10,0,13
BRF:12
BRH:10
end_of_record
TN:
SF:dist\app.js
FN:4,helloWorld
FNF:1
FNH:1
FNDA:2,helloWorld
DA:2,1
DA:3,1
DA:6,2
DA:8,1
DA:9,1
LF:5
LH:5
BRF:0
BRH:0
end_of_record
